=~=~=~=~=~=~=~=~=~=~=~= PuTTY log 2019.09.23 11:01:55 =~=~=~=~=~=~=~=~=~=~=~=
Using username "hchada".
Pre-authentication banner message from server:
| UNAUTHORIZED ACCESS TO ANY STATE OF CALIFORNIA COMPUTING SYSTEM CONTAINING US
>  GOVERNMENT OR STATE OF CALIFORNIA INFORMATION IS A CRIMINAL VIOLATION OF PEN
> AL CODE SECTION 502 AND/OR APPLICABLE FEDERAL LAW AND IS SUBJECT TO CIVIL AND
>  CRIMINAL SANCTIONS.
| 
| Whoever knowingly or intentionally accesses a computing system without author
> ization or exceeding authorized access, and by means of such conduct, obtains
> , alters, damages, destroys, or discloses information, or prevents authorized
>  use of any data or computing resource owned by or operated for the State of 
> California shall be subject to disciplinary action, prosecution or both. Use 
> in a manner other than as intended by the State of California may result in t
> he forfeiture of access privileges. All computing system activities may be re
> corded and monitored. Individuals using these systems expressly consent to su
> ch monitoring and shall have no expectation of privacy in their use. Evidence
>  of possible misconduct or abuse may be provided to appropriate officials and
> /or law enforcement. No warranty is made for the computing resources that are
>  subject to this policy. Additionally, the State of California takes no respo
> nsibility of damages for the intentional misuse of these resources by any par
> ty.
| 
End of banner message from server
Last failed login: Mon Sep 23 10:46:20 PDT 2019 from 169.2.108.102 on ssh:notty
There were 3 failed login attempts since the last successful login.
Last login: Fri Sep  6 12:20:45 2019 from 169.2.108.102
UNAUTHORIZED ACCESS TO ANY STATE OF CALIFORNIA COMPUTING SYSTEM CONTAINING US GOVERNMENT OR STATE OF CALIFORNIA INFORMATION IS A CRIMINAL VIOLATION OF PENAL CODE SECTION 502 AND/OR APPLICABLE FEDERAL LAW AND IS SUBJECT TO CIVIL AND CRIMINAL SANCTIONS.

Whoever knowingly or intentionally accesses a computing system without authorization or exceeding authorized access, and by means of such conduct, obtains, alters, damages, destroys, or discloses information, or prevents authorized use of any data or computing resource owned by or operated for the State of California shall be subject to disciplinary action, prosecution or both. Use in a manner other than as intended by the State of California may result in the forfeiture of access privileges. All computing system activities may be recorded and monitored. Individuals using these systems expressly consent to such monitoring and shall have no expectation of privacy in their use. Evidence of possible misconduct or abuse may be provided to appropriate officials and/or law enforcement. No warranty is made for the computing resources that are subject to this policy. Additionally, the State of California takes no responsibility of damages for the intentional misuse of these resources by any party.

]0;hchada@CGDCSSL1046UL:~[?1034h[hchada@CGDCSSL1046UL ~]$ ps -ef | grep httpd
root      1335     1  0 Aug18 ?        00:01:45 /usr/sbin/[01;31m[Khttpd[m[K -DFOREGROUND
apache   17194  1335  0 00:01 ?        00:00:00 /usr/sbin/[01;31m[Khttpd[m[K -DFOREGROUND
apache   17195  1335  0 00:01 ?        00:00:00 /usr/sbin/[01;31m[Khttpd[m[K -DFOREGROUND
apache   17196  1335  0 00:01 ?        00:00:00 /usr/sbin/[01;31m[Khttpd[m[K -DFOREGROUND
apache   17197  1335  0 00:01 ?        00:00:00 /usr/sbin/[01;31m[Khttpd[m[K -DFOREGROUND
apache   17198  1335  0 00:01 ?        00:00:00 /usr/sbin/[01;31m[Khttpd[m[K -DFOREGROUND
apache   17199  1335  0 00:01 ?        00:00:00 /usr/sbin/[01;31m[Khttpd[m[K -DFOREGROUND
hchada   18523 18499  0 11:02 pts/0    00:00:00 grep --color=auto [01;31m[Khttpd[m[K
]0;hchada@CGDCSSL1046UL:~[hchada@CGDCSSL1046UL ~]$ sudo systemctl status httpd
[sudo] password for hchada: 
[1;32m●[0m httpd.service - The Apache HTTP Server
   Loaded: loaded (/usr/lib/systemd/system/httpd.service; enabled; vendor preset: disabled)
   Active: [1;32mactive (running)[0m since Sun 2019-08-18 10:40:05 PDT; 1 months 5 days ago
     Docs: man:httpd(8)
           man:apachectl(8)
  Process: 17182 ExecReload=/usr/sbin/httpd $OPTIONS -k graceful (code=exited, status=0/SUCCESS)
 Main PID: 1335 (httpd)
   Status: "Total requests: 0; Current requests/sec: 0; Current traffic:   0 B/sec"
   CGroup: /system.slice/httpd.service
           ├─ 1335 /usr/sbin/httpd -DFOREGROUND
           ├─17194 /usr/sbin/httpd -DFOREGROUND
           ├─17195 /usr/sbin/httpd -DFOREGROUND
           ├─17196 /usr/sbin/httpd -DFOREGROUND
           ├─17197 /usr/sbin/httpd -DFOREGROUND
           ├─17198 /usr/sbin/httpd -DFOREGROUND
           └─17199 /usr/sbin/httpd -DFOREGROUND

Sep 19 00:01:01 CGDCSSL1046UL.calcloud.local systemd[1]: Reloading The Apache HTTP Server.
Sep 19 00:01:02 CGDCSSL1046UL.calcloud.local systemd[1]: Reloaded The Apache HTTP Server.
Sep 20 00:01:01 CGDCSSL1046UL.calcloud.local systemd[1]: Reloading The Apache HTTP Server.
Sep 20 00:01:01 CGDCSSL1046UL.calcloud.local systemd[1]: Reloaded The Apache HTTP Server.
Sep 21 00:01:01 CGDCSSL1046UL.calcloud.local systemd[1]: Reloading The Apache HTTP Server.
Sep 21 00:01:01 CGDCSSL1046UL.calcloud.local systemd[1]: Reloaded The Apache HTTP Server.
Sep 22 00:01:01 CGDCSSL1046UL.calcloud.local systemd[1]: Reloading The Apache HTTP Server.
Sep 22 00:01:01 CGDCSSL1046UL.calcloud.local systemd[1]: Reloaded The Apache HTTP Server.
Sep 23 00:01:01 CGDCSSL1046UL.calcloud.local systemd[1]: Reloading The Apache HTTP Server.
Sep 23 00:01:01 CGDCSSL1046UL.calcloud.local systemd[1]: Reloaded The Apache HTTP Server.
]0;hchada@CGDCSSL1046UL:~[hchada@CGDCSSL1046UL ~]$ 