=~=~=~=~=~=~=~=~=~=~=~= PuTTY log 2019.11.22 15:18:13 =~=~=~=~=~=~=~=~=~=~=~=
Using username "hchada".
Pre-authentication banner message from server:
| UNAUTHORIZED ACCESS TO ANY STATE OF CALIFORNIA COMPUTING SYSTEM CONTAINING US
>  GOVERNMENT OR STATE OF CALIFORNIA INFORMATION IS A CRIMINAL VIOLATION OF PEN
> AL CODE SECTION 502 AND/OR APPLICABLE FEDERAL LAW AND IS SUBJECT TO CIVIL AND
>  CRIMINAL SANCTIONS.
| 
| Whoever knowingly or intentionally accesses a computing system without author
> ization or exceeding authorized access, and by means of such conduct, obtains
> , alters, damages, destroys, or discloses information, or prevents authorized
>  use of any data or computing resource owned by or operated for the State of 
> California shall be subject to disciplinary action, prosecution or both. Use 
> in a manner other than as intended by the State of California may result in t
> he forfeiture of access privileges. All computing system activities may be re
> corded and monitored. Individuals using these systems expressly consent to su
> ch monitoring and shall have no expectation of privacy in their use. Evidence
>  of possible misconduct or abuse may be provided to appropriate officials and
> /or law enforcement. No warranty is made for the computing resources that are
>  subject to this policy. Additionally, the State of California takes no respo
> nsibility of damages for the intentional misuse of these resources by any par
> ty.
| 
End of banner message from server
Last login: Fri Nov 22 15:17:52 2019 from cgdcssl1047ul.calcloud.local
UNAUTHORIZED ACCESS TO ANY STATE OF CALIFORNIA COMPUTING SYSTEM CONTAINING US GOVERNMENT OR STATE OF CALIFORNIA INFORMATION IS A CRIMINAL VIOLATION OF PENAL CODE SECTION 502 AND/OR APPLICABLE FEDERAL LAW AND IS SUBJECT TO CIVIL AND CRIMINAL SANCTIONS.

Whoever knowingly or intentionally accesses a computing system without authorization or exceeding authorized access, and by means of such conduct, obtains, alters, damages, destroys, or discloses information, or prevents authorized use of any data or computing resource owned by or operated for the State of California shall be subject to disciplinary action, prosecution or both. Use in a manner other than as intended by the State of California may result in the forfeiture of access privileges. All computing system activities may be recorded and monitored. Individuals using these systems expressly consent to such monitoring and shall have no expectation of privacy in their use. Evidence of possible misconduct or abuse may be provided to appropriate officials and/or law enforcement. No warranty is made for the computing resources that are subject to this policy. Additionally, the State of California takes no responsibility of damages for the intentional misuse of these resources by any party.

]0;hchada@CGDCSSL1046UL:~[?1034h[hchada@CGDCSSL1046UL ~]$ df
Filesystem                         1K-blocks    Used Available Use% Mounted on
devtmpfs                             3992988       0   3992988   0% /dev
tmpfs                                4004552       4   4004548   1% /dev/shm
tmpfs                                4004552   17308   3987244   1% /run
tmpfs                                4004552       0   4004552   0% /sys/fs/cgroup
/dev/mapper/VG01-root_vol           30832548 2691196  26552104  10% /
/dev/sda1                             944120  197912    681032  23% /boot
/dev/mapper/VG01-var_vol             3997376 1047380   2723900  28% /var
/dev/mapper/VG01-opt_lv              1998672  130560   1746872   7% /opt
/dev/mapper/VG01-home_vol            8125880  254488   7435580   4% /home
/dev/mapper/VG01-commvault_vol      10190100   36888   9612540   1% /CommVault
/dev/mapper/VG01-var_log_vol         4062912   60680   3797108   2% /var/log
/dev/mapper/VG01-tmp_vol             3997376   23684   3747596   1% /tmp
/dev/mapper/VG01-var_tmp_vol          999320    2580    927928   1% /var/tmp
/dev/mapper/VG01-var_log_audit_vol    999320   41516    888992   5% /var/log/audit
tmpfs                                 800912       0    800912   0% /run/user/1002
]0;hchada@CGDCSSL1046UL:~[hchada@CGDCSSL1046UL ~]$ df --local -P
Filesystem                         1024-blocks    Used Available Capacity Mounted on
devtmpfs                               3992988       0   3992988       0% /dev
tmpfs                                  4004552       4   4004548       1% /dev/shm
tmpfs                                  4004552   17308   3987244       1% /run
tmpfs                                  4004552       0   4004552       0% /sys/fs/cgroup
/dev/mapper/VG01-root_vol             30832548 2691196  26552104      10% /
/dev/sda1                               944120  197912    681032      23% /boot
/dev/mapper/VG01-var_vol               3997376 1047380   2723900      28% /var
/dev/mapper/VG01-opt_lv                1998672  130560   1746872       7% /opt
/dev/mapper/VG01-home_vol              8125880  254488   7435580       4% /home
/dev/mapper/VG01-commvault_vol        10190100   36888   9612540       1% /CommVault
/dev/mapper/VG01-var_log_vol           4062912   60680   3797108       2% /var/log
/dev/mapper/VG01-tmp_vol               3997376   23684   3747596       1% /tmp
/dev/mapper/VG01-var_tmp_vol            999320    2580    927928       1% /var/tmp
/dev/mapper/VG01-var_log_audit_vol      999320   41516    888992       5% /var/log/audit
tmpfs                                   800912       0    800912       0% /run/user/1002
]0;hchada@CGDCSSL1046UL:~[hchada@CGDCSSL1046UL ~]$ 