=~=~=~=~=~=~=~=~=~=~=~= PuTTY log 2019.09.19 15:05:38 =~=~=~=~=~=~=~=~=~=~=~=
Using username "hchada".
Pre-authentication banner message from server:
| UNAUTHORIZED ACCESS TO ANY STATE OF CALIFORNIA COMPUTING SYSTEM CONTAINING US
>  GOVERNMENT OR STATE OF CALIFORNIA INFORMATION IS A CRIMINAL VIOLATION OF PEN
> AL CODE SECTION 502 AND/OR APPLICABLE FEDERAL LAW AND IS SUBJECT TO CIVIL AND
>  CRIMINAL SANCTIONS.
| 
| Whoever knowingly or intentionally accesses a computing system without author
> ization or exceeding authorized access, and by means of such conduct, obtains
> , alters, damages, destroys, or discloses information, or prevents authorized
>  use of any data or computing resource owned by or operated for the State of 
> California shall be subject to disciplinary action, prosecution or both. Use 
> in a manner other than as intended by the State of California may result in t
> he forfeiture of access privileges. All computing system activities may be re
> corded and monitored. Individuals using these systems expressly consent to su
> ch monitoring and shall have no expectation of privacy in their use. Evidence
>  of possible misconduct or abuse may be provided to appropriate officials and
> /or law enforcement. No warranty is made for the computing resources that are
>  subject to this policy. Additionally, the State of California takes no respo
> nsibility of damages for the intentional misuse of these resources by any par
> ty.
| 
End of banner message from server
You are required to change your password immediately (password aged)
Last login: Thu Sep 19 15:05:27 2019 from 169.2.108.102
UNAUTHORIZED ACCESS TO ANY STATE OF CALIFORNIA COMPUTING SYSTEM CONTAINING US GOVERNMENT OR STATE OF CALIFORNIA INFORMATION IS A CRIMINAL VIOLATION OF PENAL CODE SECTION 502 AND/OR APPLICABLE FEDERAL LAW AND IS SUBJECT TO CIVIL AND CRIMINAL SANCTIONS.

Whoever knowingly or intentionally accesses a computing system without authorization or exceeding authorized access, and by means of such conduct, obtains, alters, damages, destroys, or discloses information, or prevents authorized use of any data or computing resource owned by or operated for the State of California shall be subject to disciplinary action, prosecution or both. Use in a manner other than as intended by the State of California may result in the forfeiture of access privileges. All computing system activities may be recorded and monitored. Individuals using these systems expressly consent to such monitoring and shall have no expectation of privacy in their use. Evidence of possible misconduct or abuse may be provided to appropriate officials and/or law enforcement. No warranty is made for the computing resources that are subject to this policy. Additionally, the State of California takes no responsibility of damages for the intentional misuse of these resources by any party.

WARNING: Your password has expired.
You must change your password now and login again!
Changing password for user hchada.
Changing password for hchada.
(current) UNIX password: 
New password: 
Retype new password: 
passwd: all authentication tokens updated successfully.
