=~=~=~=~=~=~=~=~=~=~=~= PuTTY log 2019.10.23 13:40:26 =~=~=~=~=~=~=~=~=~=~=~=
Using username "cseadmin".
Last unsuccessful login: Wed May 29 18:33:25 PDT 2019 on ssh from 158.96.152.172
Last login: Wed Oct 23 13:35:45 PDT 2019 on ssh from 158.96.152.172
*******************************************************************************
*                                                                             *
*                                                                             *
*  Welcome to AIX Version 7.1!                                                *
*                                                                             *
*                                                                             *
*  Please see the README file in /usr/lpp/bos for information pertinent to    *
*  this release of the AIX Operating System.                                  *
*                                                                             *
*                                                                             *
*******************************************************************************
[YOU HAVE NEW MAIL]
ankcsedeva03[/home/cseadmin]$ cd /usr
ankcsedeva03[/usr]$ ls
HTTPServer    WebSphere7CM  aixnre        dt            ibm2105       info          java71_64     linux         ml            opt           share         sys           vac
IPM46         X11R6         artic960      ecc           ibmcxx        java130       java7_64      local         mozilla       perfagent     sni           sysv          vacpp
WebSphere     X11R7         bin           emgrdata      icu4c         java131       lbin          lost+found    netiq         pmapi         spool         tivoli        websm
WebSphere51   adde          ccs           es            ihs           java14        lib           lpd           netscape      pub           src           tmp           xlopt
WebSphere61   adm           dict          etc           ihs51         java5         lib64         lpp           openssh       samples       suma          ucb
WebSphere7    aix           docsearch     hfi           include       java6         libexec       man           openssl       sbin          swlag         usg
ankcsedeva03[/usr]$ ls -lagrt
total 656
drwxr-xr-x    3 bin             512 Mar 17 1999  ibmcxx
drwxr-xr-x    4 system          512 Aug 04 2004  HTTPServer
drwxr-xr-x    3 system          512 Aug 04 2004  libexec
drwx------    4 system          512 Aug 04 2004  emgrdata
drwxr-xr-x    3 system          512 Sep 28 2004  xlopt
drwxr-xr-x    7 bin             512 Sep 28 2004  vac
drwxr-xr-x    7 bin             512 Sep 28 2004  vacpp
drwxr-xr-x    3 system          512 Mar 28 2005  perfagent
drwxr-xr-x    6 system          512 Aug 23 2005  docsearch
drwxr-xr-x    6 bin             512 Nov 02 2007  java131
drwxr-xr-x    4 bin             512 May 28 2008  netscape
drwxr-xr-x    3 bin             512 May 28 2008  mozilla
drwxr-xr-x    7 bin             512 May 07 2010  java14
drwxr-xr-x    3 system          512 Jan 31 2011  tivoli
drwxr-xr-x    3 system          512 Jul 14 2011  ml
drwxr-xr-x    7 system          512 Jul 10 2012  hfi
drwxr-xr-x    2 wasadmin        512 Nov 19 2013  ihs51
drwxr-xr-x    5 wasadmin        256 Mar 03 2014  WebSphere7CM
drwxr-xr-x    7 bin             512 Oct 22 2015  java5
drwxr-xr-x    3 bin             512 Oct 29 2015  adde
dr-x------    2 system          512 Jul 21 2016  openssh
drwxr-xr-x    6 bin             512 Oct 06 2016  ecc
drwxr-xr-x    4 bin             512 Oct 06 2016  suma
drwxr-xr-x    3 bin             512 Mar 15 2017  sysv
drwxr-xr-x    3 bin             512 Mar 15 2017  aix
drwxr-xr-x    4 bin             512 Mar 15 2017  ccs
drwxr-xr-x    3 system          512 Jul 31 2017  es
drwxrwxr-x    4 bin             512 Oct 13 2017  sys
drwxrwxr-x    8 bin             512 Oct 13 2017  websm
drwxrwxr-x   41 system         1024 Oct 13 2017  swlag
drwxr-xr-x    6 system          512 Oct 13 2017  pmapi
drwxrwxr-x    2 bin             512 Oct 13 2017  usg
drwxr-xr-x    2 bin             512 Oct 13 2017  X11R7
drwxr-xr-x    5 system          512 Oct 13 2017  icu4c
drwxr-xr-x    7 bin             512 Oct 13 2017  artic960
drwxrwxr-x    2 bin            1536 Oct 13 2017  ucb
drwxr-xr-x    3 system         1024 Oct 13 2017  etc
drwxr-xr-x    2 bin             512 Oct 13 2017  X11R6
drwxr-xr-x   18 bin             512 Oct 13 2017  dt
drwxr-xr-x   35 bin            1024 Oct 13 2017  samples
drwxr-xr-x    6 bin             512 Oct 13 2017  sni
drwxr-xr-x    2 system          512 Apr 20 2018  ibm2105
drwxrwxrwx    2 system          512 Jun 27 2018  IPM46
drwxr-xr-x    4 bin             512 Jul 16 2018  aixnre
drwxr-sr-x    3 wasadmin        512 Sep 18 2018  WebSphere51
drwxr-xr-x    2 wasadmin        256 Sep 18 2018  WebSphere61
drwxr-xr-x    5 bin             512 Feb 12 2019  opt
drwx------    2 system          512 May 29 17:55 lost+found
drwxr-xr-x   19 system          512 May 29 17:55 local
drwxr-xr-x   13 system         4096 May 29 17:55 netiq
lrwxrwxrwx    1 adm               8 May 29 17:58 adm
lrwxrwxrwx    1 bin              15 May 29 17:58 dict
lrwxrwxrwx    1 system            5 May 29 17:58 ihs
lrwxrwxrwx    1 system           34 May 29 17:58 java130
lrwxrwxrwx    1 system           20 May 29 17:58 info
lrwxrwxrwx    1 printq           12 May 29 17:58 lpd
lrwxrwxrwx    1 bin              14 May 29 18:00 man
lrwxrwxrwx    1 bin              18 May 29 18:00 pub
lrwxrwxrwx    1 bin              10 May 29 18:01 spool
lrwxrwxrwx    1 bin               8 May 29 18:01 tmp
drwxr-xr-x    2 system          512 May 29 18:04 openssl
drwxr-xr-x    4 bin             512 May 29 18:08 lbin
drwxr-xr-x    8 bin             512 May 29 18:17 java6
drwxr-xr-x    7 bin             512 May 29 18:19 java71_64
drwxr-xr-x   38 bin            5632 May 29 18:20 include
drwxr-xr-x    7 bin             512 May 29 18:21 java7_64
drwxr-xr-x    7 wasadmin        256 Aug 19 13:37 WebSphere7
drwxr-xr-x   73 system         2048 Aug 27 10:35 ..
drwxr-xr-x    4 system          512 Aug 27 10:35 linux
drwxr-xr-x    8 bin           19456 Aug 27 10:39 sbin
drwxr-xr-x    2 system          512 Aug 27 10:39 src
drwxr-xr-x  630 bin           18432 Aug 27 10:39 lpp
drwxr-xr-x    8 bin             512 Aug 27 10:41 share
drwxr-xr-x    4 bin           22016 Aug 27 10:41 bin
drwxr-xr-x   47 bin           14336 Aug 27 10:41 lib
drwxr-xr-x    2 system         1024 Aug 27 10:41 lib64
drwxr-xr-x   69 bin            1536 Oct 18 09:57 .
drwxrwxr-x    8 wasadmin        256 Oct 18 09:59 WebSphere
drwxr-xr-x    3 staff           512 Oct 18 10:00 .ibm
ankcsedeva03[/usr]$ ls -lad WebSphere
drwxrwxr-x    8 wasadmin wasadmin        256 Oct 18 09:59 WebSphere
ankcsedeva03[/usr]$ cd WebSphere
ankcsedeva03[/usr/WebSphere]$ ls -la
total 24
drwxrwxr-x    8 wasadmin wasadmin        256 Oct 18 09:59 .
drwxr-xr-x   69 bin      bin            1536 Oct 18 09:57 ..
drwxr-x---   38 wasadmin wasadmin       4096 Oct 23 13:42 AppServer_85A
drwxr-xr-x   38 wasadmin wasadmin       4096 Oct 17 14:47 AppServer_85_CF
drwxr-xr-x    6 wasadmin wasadmin        256 Oct 18 10:10 IMShared
drwxr-xr-x    5 wasadmin wasadmin        256 Aug 19 13:46 InstallationManager
drwxr-x---    2 wasadmin wasadmin        256 Aug 19 14:54 jlib
drwxr-xr-x    2 root     system          256 Jul 26 23:44 lost+found
ankcsedeva03[/usr/WebSphere]$ ps -ef | grep java
    root  3997710  7864336   0   May 29      - 47:59 /opt/IBM/db2cmv8/java/jre/bin/java -Dserver_port=8082 -cp startup.jar org.eclipse.core.launcher.Main -nosplash -application org.eclipse.help.base.infocenterApplication -data /opt/IBM/db2cmv8/infoctr/workspace
ipmadmin  5177424  5898434   0   May 29      -  0:08 /usr/lpp/pd/jre/bin/java -Xrs -classpath /usr/lpp/pd/bin/ipa.jar:/usr/lpp/pd/bin/penguin.jar:/usr/lpp/pd/bin/snmp.jar:/usr/lpp/pd/bin/modelplugin.jar com.ibm.infoprint.jlink.JlinkMain
wasadmin  7274680        1   0   Aug 20      - 241:29 /usr/WebSphere/AppServer_85_CF/java_1.7.1_64/bin/java -Xmaxt0.5 -Dwas.status.socket=49406 -Dosgi.install.area=/usr/WebSphere/AppServer_85_CF -Dosgi.configuration.area=/usr/WebSphere/AppServer_85_CF/profiles/AppServer/servers/nodeagent/configuration -Djava.awt.headless=true -Dosgi.framework.extensions=com.ibm.cds,com.ibm.ws.eclipse.adaptors -Xshareclasses:name=webspherev85_1.7.1_64_%g,nonFatal -Dcom.ibm.xtq.processor.overrideSecureProcessing=true -Xcheck:dump -Xbootclasspath/p:/usr/WebSphere/AppServer_85_CF/java_1.7.1_64/jre/lib/ibmorb.jar -Dorg.osgi.framework.bootdelegation=* -classpath /usr/WebSphere/AppServer_85_CF/profiles/AppServer/properties:/usr/WebSphere/AppServer_85_CF/properties:/usr/WebSphere/AppServer_85_CF/lib/startup.jar:/usr/WebSphere/AppServer_85_CF/lib/bootstrap.jar:/usr/WebSphere/AppServer_85_CF/lib/jsf-nls.jar:/usr/WebSphere/AppServer_85_CF/lib/lmproxy.jar:/usr/WebSphere/AppServer_85_CF/lib/urlprotocols.jar:/usr/WebSphere/AppServer_85_CF/deploytool/itp/batchboot.jar:/usr/WebSphere/AppServer_85_CF/deploytool/itp/batch2.jar:/usr/WebSphere/AppServer_85_CF/java_1.7.1_64/lib/tools.jar -Dorg.osgi.framework.bootdelegation=* -Dibm.websphere.internalClassAccessMode=allow -Xms50m -Xmx256m -Xcompressedrefs -Xscmaxaot4M -Xnoaot -Xscmx90M -Dws.ext.dirs=/usr/WebSphere/AppServer_85_CF/java_1.7.1_64/lib:/usr/WebSphere/AppServer_85_CF/profiles/AppServer/classes:/usr/WebSphere/AppServer_85_CF/classes:/usr/WebSphere/AppServer_85_CF/lib:/usr/WebSphere/AppServer_85_CF/installedChannels:/usr/WebSphere/AppServer_85_CF/lib/ext:/usr/WebSphere/AppServer_85_CF/web/help:/usr/WebSphere/AppServer_85_CF/deploytool/itp/plugins/com.ibm.etools.ejbdeploy/runtime -Dderby.system.home=/usr/WebSphere/AppServer_85_CF/derby -Dcom.ibm.itp.location=/usr/WebSphere/AppServer_85_CF/bin -Djava.util.logging.configureByServer=true -Duser.install.root=/usr/WebSphere/AppServer_85_CF/profiles/AppServer -Djava.ext.dirs=/usr/WebSphere/AppServer_85_CF/tivoli/tam:/usr/WebSphere/AppServer_85_CF/java_1.7.1_64/jre/lib/ext -Djavax.management.builder.initial=com.ibm.ws.management.PlatformMBeanServerBuilder -Dpython.cachedir=/usr/WebSphere/AppServer_85_CF/profiles/AppServer/temp/cachedir -Dwas.install.root=/usr/WebSphere/AppServer_85_CF -Djava.util.logging.manager=com.ibm.ws.bootstrap.WsLogManager -Dserver.root=/usr/WebSphere/AppServer_85_CF/profiles/AppServer -Dcom.ibm.security.jgss.debug=off -Dcom.ibm.security.krb5.Krb5Debug=off -Dcom.ibm.security.jurisdictionPolicyDir=/usr/WebSphere/jlib -Djava.library.path=/usr/WebSphere/AppServer_85_CF/lib/native/aix/ppc_64/:/usr/WebSphere/AppServer_85_CF/java_1.7.1_64/jre/lib/ppc64/compressedrefs:/usr/WebSphere/AppServer_85_CF/java_1.7.1_64/jre/lib/ppc64:/usr/WebSphere/AppServer_85_CF/java_1.7.1_64/jre/lib/ppc64/j9vm:/usr/WebSphere/AppServer_85_CF/java_1.7.1_64/jre/lib/ppc64:/usr/WebSphere/AppServer_85_CF/java_1.7.1_64/jre/../lib/ppc64:/usr/WebSphere/AppServer_85_CF/bin:/opt/IBM/db2cmv8/lib:/opt/IBM/db2cmv8/inso:/opt/IBM/db2cmv8/lib:/opt/IBM/db2cmv8/inso:/db2home/instdicm/sqllib/lib64:/usr/local/adobe/central/lib:/usr/lib64:/usr/lib: -Djava.endorsed.dirs=/usr/WebSphere/AppServer_85_CF/endorsed_apis:/usr/WebSphere/AppServer_85_CF/java_1.7.1_64/jre/lib/endorsed -Djava.security.auth.login.config=/usr/WebSphere/AppServer_85_CF/profiles/AppServer/properties/wsjaas.conf -Djava.security.policy=/usr/WebSphere/AppServer_85_CF/profiles/AppServer/properties/server.policy com.ibm.wsspi.bootstrap.WSPreLauncher -nosplash -application com.ibm.ws.bootstrap.WSLauncher com.ibm.ws.runtime.WsServer /usr/WebSphere/AppServer_85_CF/profiles/AppServer/config ankcsedeva03CFCell01 ankcsedeva03CFNode01 nodeagent
    root  7864336        1   0   May 29      - 20:28 java -classpath /opt/IBM/db2cmv8/infoctr/plugins/org.eclipse.help.base_3.1.0/helpbase.jar org.eclipse.help.standalone.Infocenter -eclipsehome /opt/IBM/db2cmv8/infoctr -port 8082 -command start -noexec
ipmadmin 10551380  8060960   0   May 29      -  0:08 /usr/lpp/pd/jre/bin/java -Xrs -classpath /usr/lpp/pd/bin/ipa.jar:/usr/lpp/pd/bin/penguin.jar:/usr/lpp/pd/bin/snmp.jar:/usr/lpp/pd/bin/modelplugin.jar com.ibm.infoprint.jlink.JlinkMain
    root 11468946 10944638   0   May 29      - 30:50 ../jre/bin/java -Dprogram.name=../tools/start -DFsrmProperties=../conf/FileSRMProvider.properties -Dbackupdir=../backup/ -showversion -Dbackup.jobMonitor.completedInterval=60 -Xmx256m -Djava.library.path=%LD_LIBRARY_PATH%:../lib -classpath ../lib/wrapper.jar:../lib/aix-agent.jar:../lib/agent-main.jar:../lib/agent-common.jar:../lib/agent-hba.jar:../lib/cxcommon.jar:../lib/cxquery.jar:../lib/cim-schema.jar:../lib/cxtransport.jar:../lib/cxutils.jar:../lib/agentrmi.jar:../lib/cxwbem.jar:../lib/cxcore.jar:../lib/wbem.jar:../lib/AppIQLogger.jar:../lib/AppIQVersion.jar:../lib/powerpath-providers.jar:../lib/sdd-providers.jar:../lib/fsrm-agent.jar:../lib/oracle-providers.jar:../lib/backup-agent.jar:../lib/xstream-1.1.jar:../lib/jsch.jar -Dwrapper.key=GI_KlQiQQ5cX7Hoc -Dwrapper.port=32000 -Dwrapper.jvm.port.min=31000 -Dwrapper.jvm.port.max=31999 -Dwrapper.pid=10944638 -Dwrapper.version=3.2.3 -Dwrapper.native_library=wrapper -Dwrapper.service=TRUE -Dwrapper.cpu.timeout=10 -Dwrapper.jvmid=1 org.tanukisoftware.wrapper.WrapperSimpleApp com.appiq.cxws.main.AixMain
wasadmin 12648600        1   0   May 29      - 202:32 /usr/WebSphere7CM/AppServer/java/bin/java -Xmaxt0.5 -Dwas.status.socket=33002 -Declipse.security -Dosgi.install.area=/usr/WebSphere7CM/AppServer -Dosgi.configuration.area=/usr/WebSphere7CM/AppServer/profiles/AppServer/configuration -Djava.awt.headless=true -Dosgi.framework.extensions=com.ibm.cds,com.ibm.ws.eclipse.adaptors -Xshareclasses:name=webspherev70_%g,groupAccess,nonFatal -Xscmx50M -Xbootclasspath/p:/usr/WebSphere7CM/AppServer/java/jre/lib/ext/ibmorb.jar:/usr/WebSphere7CM/AppServer/java/jre/lib/ext/ibmext.jar -classpath /usr/WebSphere7CM/AppServer/profiles/AppServer/properties:/usr/WebSphere7CM/AppServer/properties:/usr/WebSphere7CM/AppServer/lib/startup.jar:/usr/WebSphere7CM/AppServer/lib/bootstrap.jar:/usr/WebSphere7CM/AppServer/lib/jsf-nls.jar:/usr/WebSphere7CM/AppServer/lib/lmproxy.jar:/usr/WebSphere7CM/AppServer/lib/urlprotocols.jar:/usr/WebSphere7CM/AppServer/deploytool/itp/batchboot.jar:/usr/WebSphere7CM/AppServer/deploytool/itp/batch2.jar:/usr/WebSphere7CM/AppServer/java/lib/tools.jar -Dibm.websphere.internalClassAccessMode=allow -Xms50m -Xmx256m -Dws.ext.dirs=/usr/WebSphere7CM/AppServer/java/lib:/usr/WebSphere7CM/AppServer/profiles/AppServer/classes:/usr/WebSphere7CM/AppServer/classes:/usr/WebSphere7CM/AppServer/lib:/usr/WebSphere7CM/AppServer/installedChannels:/usr/WebSphere7CM/AppServer/lib/ext:/usr/WebSphere7CM/AppServer/web/help:/usr/WebSphere7CM/AppServer/deploytool/itp/plugins/com.ibm.etools.ejbdeploy/runtime -Dderby.system.home=/usr/WebSphere7CM/AppServer/derby -Dcom.ibm.itp.location=/usr/WebSphere7CM/AppServer/bin -Djava.util.logging.configureByServer=true -Duser.install.root=/usr/WebSphere7CM/AppServer/profiles/AppServer -Djavax.management.builder.initial=com.ibm.ws.management.PlatformMBeanServerBuilder -Dwas.install.root=/usr/WebSphere7CM/AppServer -Dpython.cachedir=/usr/WebSphere7CM/AppServer/profiles/AppServer/temp/cachedir -Djava.util.logging.manager=com.ibm.ws.bootstrap.WsLogManager -Dserver.root=/usr/WebSphere7CM/AppServer/profiles/AppServer -Dcom.ibm.security.jgss.debug=off -Dcom.ibm.security.krb5.Krb5Debug=off -Djava.security.auth.login.config=/usr/WebSphere7CM/AppServer/profiles/AppServer/properties/wsjaas.conf -Djava.security.policy=/usr/WebSphere7CM/AppServer/profiles/AppServer/properties/server.policy com.ibm.wsspi.bootstrap.WSPreLauncher -nosplash -application com.ibm.ws.bootstrap.WSLauncher com.ibm.ws.runtime.WsServer /usr/WebSphere7CM/AppServer/profiles/AppServer/config cg1p07aCMCell cg1p07aCMNode nodeagent
wasadmin 13893672 12648600   0   May 29      - 599:58 /usr/WebSphere7CM/AppServer/java/bin/java -Declipse.security -Dwas.status.socket=37932 -Dosgi.install.area=/usr/WebSphere7CM/AppServer -Dosgi.configuration.area=/usr/WebSphere7CM/AppServer/profiles/AppServer/configuration -Djava.awt.headless=true -Dosgi.framework.extensions=com.ibm.cds,com.ibm.ws.eclipse.adaptors -Xshareclasses:name=webspherev70_%g,groupAccess,nonFatal -Xscmx50M -Xbootclasspath/p:/usr/WebSphere7CM/AppServer/java/jre/lib/ext/ibmorb.jar:/usr/WebSphere7CM/AppServer/java/jre/lib/ext/ibmext.jar -classpath /usr/WebSphere7CM/AppServer/profiles/AppServer/properties:/usr/WebSphere7CM/AppServer/properties:/usr/WebSphere7CM/AppServer/lib/startup.jar:/usr/WebSphere7CM/AppServer/lib/bootstrap.jar:/usr/WebSphere7CM/AppServer/lib/jsf-nls.jar:/usr/WebSphere7CM/AppServer/lib/lmproxy.jar:/usr/WebSphere7CM/AppServer/lib/urlprotocols.jar:/usr/WebSphere7CM/AppServer/deploytool/itp/batchboot.jar:/usr/WebSphere7CM/AppServer/deploytool/itp/batch2.jar:/usr/WebSphere7CM/AppServer/java/lib/tools.jar -Dibm.websphere.internalClassAccessMode=allow -Xms50m -Xmx256m -Dws.ext.dirs=/usr/WebSphere7CM/AppServer/java/lib:/usr/WebSphere7CM/AppServer/profiles/AppServer/classes:/usr/WebSphere7CM/AppServer/classes:/usr/WebSphere7CM/AppServer/lib:/usr/WebSphere7CM/AppServer/installedChannels:/usr/WebSphere7CM/AppServer/lib/ext:/usr/WebSphere7CM/AppServer/web/help:/usr/WebSphere7CM/AppServer/deploytool/itp/plugins/com.ibm.etools.ejbdeploy/runtime -Dderby.system.home=/usr/WebSphere7CM/AppServer/derby -Dcom.ibm.itp.location=/usr/WebSphere7CM/AppServer/bin -Djava.util.logging.configureByServer=true -Duser.install.root=/usr/WebSphere7CM/AppServer/profiles/AppServer -Djavax.management.builder.initial=com.ibm.ws.management.PlatformMBeanServerBuilder -Dwas.install.root=/usr/WebSphere7CM/AppServer -Dpython.cachedir=/usr/WebSphere7CM/AppServer/profiles/AppServer/temp/cachedir -Djava.util.logging.manager=com.ibm.ws.bootstrap.WsLogManager -Dserver.root=/usr/WebSphere7CM/AppServer/profiles/AppServer -Dcom.ibm.security.jgss.debug=off -Dcom.ibm.security.krb5.Krb5Debug=off -Djava.security.auth.login.config=/usr/WebSphere7CM/AppServer/profiles/AppServer/properties/wsjaas.conf -Djava.security.policy=/usr/WebSphere7CM/AppServer/profiles/AppServer/properties/server.policy com.ibm.wsspi.bootstrap.WSPreLauncher -nosplash -application com.ibm.ws.bootstrap.WSLauncher com.ibm.ws.runtime.WsServer /usr/WebSphere7CM/AppServer/profiles/AppServer/config cg1p07aCMCell cg1p07aCMNode DEV_icmrm
ipmadmin 19398718 15204552  28   May 30      - 15237:47 /usr/WebSphere7CM/Client/java/jre/bin/java -Xms256m -Xmx512m -Dwas.install.root=/usr/WebSphere7CM/Client -Dws.ext.dirs=/usr/WebSphere7CM/Client/classes:/usr/WebSphere7CM/Client/lib:/usr/WebSphere7CM/Client/installedChannels:/usr/WebSphere7CM/Client/lib/ext -Dcom.ibm.CORBA.BootstrapHost=cg1p07a -Dcom.ibm.CORBA.BootstrapPort= -classpath /usr/WebSphere7CM/Client/lib/launchclient.jar:/usr/WebSphere7CM/Client/properties:/usr/WebSphere7CM/Client/lib/startup.jar:/usr/WebSphere7CM/Client/lib/bootstrap.jar:/usr/WebSphere7CM/Client/lib/lmproxy.jar:/usr/WebSphere7CM/Client/lib/urlprotocols.jar com.ibm.websphere.client.applicationclient.launchClient ../../../ArchUtilitiesEAR.ear -CCjar=PDFToAFPConversionDaemon.jar -CCverbose=true -CCclasspath=.:../:/cse/lib/Jar_Repository//XML/xstream-1.1.3.jar:/cse/lib/Jar_Repository//GRNDS/GrndsCommon-3.3_CSE.2.jar:/cse/lib/Jar_Repository//COMMON_UTILS/commons-beanutils-1.6.1.jar:/cse/lib/Jar_Repository//COMMON_UTILS/commons-cli-1.0.jar:/cse/lib/Jar_Repository//COMMON_UTILS/commons-codec-1.3.jar:/cse/lib/Jar_Repository//COMMON_UTILS/commons-collections-3.0.jar:/cse/lib/Jar_Repository//COMMON_UTILS/commons-digester-1.3-dev.jar:/cse/lib/Jar_Repository//COMMON_UTILS/commons-jexl-1.0.jar:/cse/lib/Jar_Repository//COMMON_UTILS/commons-lang-2.1.jar:/cse/lib/Jar_Repository//COMMON_UTILS/commons-logging-1.0.3.jar:/cse/lib/Jar_Repository//COMMON_UTILS/commons-net-1.2.2.jar:/cse/lib/Jar_Repository//COMMON_UTILS/commons-resources-0.1-dev.jar:/cse/lib/Jar_Repository//COMMON_UTILS/log4j-1.2.8.jar:/cse/lib/Jar_Repository//COMMON_UTILS/commons-fileupload-1.0.jar:/cse/lib/Jar_Repository//COMMON_UTILS/commons-httpclient-3.0.jar:/cse/lib/Jar_Repository//HIBERNATE/antlr-2.7.5H3.jar:/cse/lib/Jar_Repository//HIBERNATE/asm-attrs-1.5.3.jar:/cse/lib/Jar_Repository//HIBERNATE/asm-1.5.3.jar:/cse/lib/Jar_Repository//HIBERNATE/cglib-2.1.jar:/cse/lib/Jar_Repository//HIBERNATE/cleanimports.jar:/cse/lib/Jar_Repository//HIBERNATE/commons-dbcp-1.2.1.jar:/cse/lib/Jar_Repository//HIBERNATE/commons-pool-1.2.jar:/cse/lib/Jar_Repository//HIBERNATE/connector-1.5.jar:/cse/lib/Jar_Repository//HIBERNATE/dom4j-1.5.2.jar:/cse/lib/Jar_Repository//HIBERNATE/ehcache-1.1.jar:/cse/lib/Jar_Repository//HIBERNATE/hibernate-3.0.4.jar:/cse/lib/Jar_Repository//HIBERNATE/jaas.jar:/cse/lib/Jar_Repository//HIBERNATE/jacc-1_0-fr.jar:/cse/lib/Jar_Repository//HIBERNATE/jdbc2_0-stdext.jar:/cse/lib/Jar_Repository//HIBERNATE/odmg-3.0.jar:/cse/lib/Jar_Repository//HIBERNATE/oscache-2.1.jar:/cse/lib/Jar_Repository//HIBERNATE/relaxngDatatype.jar:/cse/lib/Jar_Repository//HIBERNATE/versioncheck.jar:/cse/lib/Jar_Repository//TECHARCH_FORMS/ITEXT/iText-2.1.3.zip:/cse/lib/Jar_Repository//TECHARCH_TESTING/dbunit-2.1.jar:/cse/lib/Jar_Repository//TECHARCH_TESTING/junit-3.8.1.jar:/cse/lib/Jar_Repository//XML/PARSER/resolver-1.1.jar:/cse/lib/Jar_Repository//XML/PARSER/xerces-2.4.0.jar:/cse/lib/Jar_Repository//XML/PARSER/xercesImpl.jar:/cse/lib/Jar_Repository//XML/PARSER/xml-apis.jar:/cse/lib/Jar_Repository//XML/PARSER/wls_stax.jar:/cse/lib/Jar_Repository//XML/PARSER/jsr173_1.0_ri.jar:/cse/lib/Jar_Repository//XML/JAXB/jax-qname.jar:/cse/lib/Jar_Repository//XML/JAXB/jaxb-api.jar:/cse/lib/Jar_Repository//XML/JAXB/jaxb-impl.jar:/cse/lib/Jar_Repository//XML/JAXB/jaxb-libs.jar:/cse/lib/Jar_Repository//XML/JAXB/jaxb-xjc.jar:/cse/lib/Jar_Repository//XML/TRANSFORM/xalan-2.4.0.jar:/cse/lib/Jar_Repository//XML/TRANSFORM/xsltc.jar:/cse/lib/Jar_Repository//XML/TRANSFORM/xpp3-1.1.3.4d_b4_min.jar:/cse/lib/Jar_Repository//XML/XMLBEANS/xbean.jar:/cse/lib/Jar_Repository//SPRING/spring-1.2.8.jar:/cse/lib/Jar_Repository//XML/SCHEMA/namespace.jar:/cse/lib/Jar_Repository//XML/SCHEMA/xsdlib.jar:/cse/lib/Jar_Repository//XML/QUERY/commons-jxpath-1.2.jar:/cse/lib/Jar_Repository//GRNDS/OSWEGO/oswego-concurrent-1.3.2.jar -CCDHOSTNAME=ankcsedeva03 ankcsedeva03.pdfToAfpConverterDaemon.xml
wasadmin 25493702        1   0   Sep 18      - 145:22 /usr/WebSphere/AppServer_85_CF/java_1.7.1_64/bin/java -Dosgi.install.area=/usr/WebSphere/AppServer_85_CF -Dwas.status.socket=57077 -Dosgi.configuration.area=/usr/WebSphere/AppServer_85_CF/profiles/DeploymentManager/servers/dmgr/configuration -Dosgi.framework.extensions=com.ibm.cds,com.ibm.ws.eclipse.adaptors -Xshareclasses:name=webspherev85_1.7.1_64_%g,nonFatal -Xscmx50M -Dcom.ibm.xtq.processor.overrideSecureProcessing=true -Xcheck:dump -Xbootclasspath/p:/usr/WebSphere/AppServer_85_CF/java_1.7.1_64/jre/lib/ibmorb.jar -classpath /usr/WebSphere/AppServer_85_CF/profiles/DeploymentManager/properties:/usr/WebSphere/AppServer_85_CF/properties:/usr/WebSphere/AppServer_85_CF/lib/startup.jar:/usr/WebSphere/AppServer_85_CF/lib/bootstrap.jar:/usr/WebSphere/AppServer_85_CF/lib/jsf-nls.jar:/usr/WebSphere/AppServer_85_CF/lib/lmproxy.jar:/usr/WebSphere/AppServer_85_CF/lib/urlprotocols.jar:/usr/WebSphere/AppServer_85_CF/deploytool/itp/batchboot.jar:/usr/WebSphere/AppServer_85_CF/deploytool/itp/batch2.jar:/usr/WebSphere/AppServer_85_CF/java_1.7.1_64/lib/tools.jar -Dibm.websphere.internalClassAccessMode=allow -Xms50m -Xmx256m -Xcompressedrefs -Dws.ext.dirs=/usr/WebSphere/AppServer_85_CF/java_1.7.1_64/lib:/usr/WebSphere/AppServer_85_CF/profiles/DeploymentManager/classes:/usr/WebSphere/AppServer_85_CF/classes:/usr/WebSphere/AppServer_85_CF/lib:/usr/WebSphere/AppServer_85_CF/installedChannels:/usr/WebSphere/AppServer_85_CF/lib/ext:/usr/WebSphere/AppServer_85_CF/web/help:/usr/WebSphere/AppServer_85_CF/deploytool/itp/plugins/com.ibm.etools.ejbdeploy/runtime -Dderby.system.home=/usr/WebSphere/AppServer_85_CF/derby -Dcom.ibm.itp.location=/usr/WebSphere/AppServer_85_CF/bin -Djava.util.logging.configureByServer=true -Duser.install.root=/usr/WebSphere/AppServer_85_CF/profiles/DeploymentManager -Djava.ext.dirs=/usr/WebSphere/AppServer_85_CF/tivoli/tam:/usr/WebSphere/AppServer_85_CF/java_1.7.1_64/jre/lib/ext -Djavax.management.builder.initial=com.ibm.ws.management.PlatformMBeanServerBuilder -Dpython.cachedir=/usr/WebSphere/AppServer_85_CF/profiles/DeploymentManager/temp/cachedir -Dwas.install.root=/usr/WebSphere/AppServer_85_CF -Djava.util.logging.manager=com.ibm.ws.bootstrap.WsLogManager -Dserver.root=/usr/WebSphere/AppServer_85_CF/profiles/DeploymentManager -Dcom.ibm.security.jgss.debug=off -Dcom.ibm.security.krb5.Krb5Debug=off -Djava.awt.headless=true -Dcom.ibm.security.jurisdictionPolicyDir=/usr/WebSphere/jlib -Djava.library.path=/usr/WebSphere/AppServer_85_CF/lib/native/aix/ppc_64/:/usr/WebSphere/AppServer_85_CF/java_1.7.1_64/jre/lib/ppc64/compressedrefs:/usr/WebSphere/AppServer_85_CF/java_1.7.1_64/jre/lib/ppc64:/usr/WebSphere/AppServer_85_CF/java_1.7.1_64/jre/lib/ppc64/j9vm:/usr/WebSphere/AppServer_85_CF/java_1.7.1_64/jre/lib/ppc64:/usr/WebSphere/AppServer_85_CF/java_1.7.1_64/jre/../lib/ppc64:/usr/WebSphere/AppServer_85_CF/bin:/usr/java14/jre/bin:/usr/java14/jre/bin/classic:/usr/lib64:/usr/lib: -Djava.endorsed.dirs=/usr/WebSphere/AppServer_85_CF/endorsed_apis:/usr/WebSphere/AppServer_85_CF/java_1.7.1_64/jre/lib/endorsed -Djava.security.auth.login.config=/usr/WebSphere/AppServer_85_CF/profiles/DeploymentManager/properties/wsjaas.conf -Djava.security.policy=/usr/WebSphere/AppServer_85_CF/profiles/DeploymentManager/properties/server.policy com.ibm.wsspi.bootstrap.WSPreLauncher -nosplash -application com.ibm.ws.bootstrap.WSLauncher com.ibm.ws.runtime.WsServer /usr/WebSphere/AppServer_85_CF/profiles/DeploymentManager/config ankcsedeva03CFCell01 ankcsedeva03CFCellManager01 dmgr
wasadmin 28967070        1   7 13:42:07  pts/0  0:13 /usr/WebSphere/AppServer_85A/java_1.7.1_64/bin/java -Xmaxt0.5 -Dwas.status.socket=33672 -Declipse.security -Dosgi.install.area=/usr/WebSphere/AppServer_85A -Dosgi.configuration.area=/usr/WebSphere/AppServer_85A/profiles/AppServer/servers/nodeagent/configuration -Djava.awt.headless=true -Dosgi.framework.extensions=com.ibm.cds,com.ibm.ws.eclipse.adaptors -Xshareclasses:name=webspherev85_1.7.1_64_%g,nonFatal -Dcom.ibm.xtq.processor.overrideSecureProcessing=true -Xcheck:dump -Xbootclasspath/p:/usr/WebSphere/AppServer_85A/java_1.7.1_64/jre/lib/ibmorb.jar -Dorg.osgi.framework.bootdelegation=* -classpath /usr/WebSphere/AppServer_85A/profiles/AppServer/properties:/usr/WebSphere/AppServer_85A/properties:/usr/WebSphere/AppServer_85A/lib/startup.jar:/usr/WebSphere/AppServer_85A/lib/bootstrap.jar:/usr/WebSphere/AppServer_85A/lib/jsf-nls.jar:/usr/WebSphere/AppServer_85A/lib/lmproxy.jar:/usr/WebSphere/AppServer_85A/lib/urlprotocols.jar:/usr/WebSphere/AppServer_85A/deploytool/itp/batchboot.jar:/usr/WebSphere/AppServer_85A/deploytool/itp/batch2.jar:/usr/WebSphere/AppServer_85A/java_1.7.1_64/lib/tools.jar -Dorg.osgi.framework.bootdelegation=* -Dibm.websphere.internalClassAccessMode=allow -Xms50m -Xmx256m -Xcompressedrefs -Xscmaxaot4M -Xnoaot -Xscmx90M -Dws.ext.dirs=/usr/WebSphere/AppServer_85A/java_1.7.1_64/lib:/usr/WebSphere/AppServer_85A/profiles/AppServer/classes:/usr/WebSphere/AppServer_85A/classes:/usr/WebSphere/AppServer_85A/lib:/usr/WebSphere/AppServer_85A/installedChannels:/usr/WebSphere/AppServer_85A/lib/ext:/usr/WebSphere/AppServer_85A/web/help:/usr/WebSphere/AppServer_85A/deploytool/itp/plugins/com.ibm.etools.ejbdeploy/runtime -Dderby.system.home=/usr/WebSphere/AppServer_85A/derby -Dcom.ibm.itp.location=/usr/WebSphere/AppServer_85A/bin -Djava.util.logging.configureByServer=true -Duser.install.root=/usr/WebSphere/AppServer_85A/profiles/AppServer -Djava.ext.dirs=/usr/WebSphere/AppServer_85A/tivoli/tam:/usr/WebSphere/AppServer_85A/java_1.7.1_64/jre/lib/ext -Djavax.management.builder.initial=com.ibm.ws.management.PlatformMBeanServerBuilder -Dpython.cachedir=/usr/WebSphere/AppServer_85A/profiles/AppServer/temp/cachedir -Dwas.install.root=/usr/WebSphere/AppServer_85A -Djava.util.logging.manager=com.ibm.ws.bootstrap.WsLogManager -Dserver.root=/usr/WebSphere/AppServer_85A/profiles/AppServer -Dcom.ibm.security.jgss.debug=off -Dcom.ibm.security.krb5.Krb5Debug=off -Dcom.ibm.security.jurisdictionPolicyDir=/usr/WebSphere/jlib -Djava.library.path=/usr/WebSphere/AppServer_85A/lib/native/aix/ppc_64/:/usr/WebSphere/AppServer_85A/java_1.7.1_64/jre/lib/ppc64/compressedrefs:/usr/WebSphere/AppServer_85A/java_1.7.1_64/jre/lib/ppc64:/usr/WebSphere/AppServer_85A/java_1.7.1_64/jre/lib/ppc64/j9vm:/usr/WebSphere/AppServer_85A/java_1.7.1_64/jre/lib/ppc64:/usr/WebSphere/AppServer_85A/java_1.7.1_64/jre/../lib/ppc64:/usr/WebSphere/AppServer_85A/bin:/opt/IBM/db2cmv8/lib:/opt/IBM/db2cmv8/inso:/opt/IBM/db2cmv8/lib:/opt/IBM/db2cmv8/inso:/db2home/instdicm/sqllib/lib64:/usr/local/adobe/central/lib:/usr/lib64:/usr/lib: -Djava.endorsed.dirs=/usr/WebSphere/AppServer_85A/endorsed_apis:/usr/WebSphere/AppServer_85A/java_1.7.1_64/jre/lib/endorsed -Djava.security.auth.login.config=/usr/WebSphere/AppServer_85A/profiles/AppServer/properties/wsjaas.conf -Djava.security.policy=/usr/WebSphere/AppServer_85A/profiles/AppServer/properties/server.policy com.ibm.wsspi.bootstrap.WSPreLauncher -nosplash -application com.ibm.ws.bootstrap.WSLauncher com.ibm.ws.runtime.WsServer /usr/WebSphere/AppServer_85A/profiles/AppServer/config ankcsedeva03AdobeCell01 ankcsedeva03AdobeNode01 nodeagent
wasadmin 35455156        1   0   Jul 29      - 134:34 /usr/WebSphere7/AppServer/java/bin/java -Xmaxt0.5 -Dwas.status.socket=54364 -Declipse.security -Dosgi.install.area=/usr/WebSphere7/AppServer -Dosgi.configuration.area=/usr/WebSphere7/AppServer/profiles/AppServer/configuration -Djava.awt.headless=true -Dosgi.framework.extensions=com.ibm.cds,com.ibm.ws.eclipse.adaptors -Xshareclasses:name=webspherev70_%g,groupAccess,nonFatal -Xscmx50M -Dcom.ibm.xtq.processor.overrideSecureProcessing=true -Xbootclasspath/p:/usr/WebSphere7/AppServer/java/jre/lib/ext/ibmorb.jar:/usr/WebSphere7/AppServer/java/jre/lib/ext/ibmext.jar -classpath /usr/WebSphere7/AppServer/profiles/AppServer/properties:/usr/WebSphere7/AppServer/properties:/usr/WebSphere7/AppServer/lib/startup.jar:/usr/WebSphere7/AppServer/lib/bootstrap.jar:/usr/WebSphere7/AppServer/lib/jsf-nls.jar:/usr/WebSphere7/AppServer/lib/lmproxy.jar:/usr/WebSphere7/AppServer/lib/urlprotocols.jar:/usr/WebSphere7/AppServer/deploytool/itp/batchboot.jar:/usr/WebSphere7/AppServer/deploytool/itp/batch2.jar:/usr/WebSphere7/AppServer/java/lib/tools.jar -Dibm.websphere.internalClassAccessMode=allow -Xms50m -Xmx256m -Dws.ext.dirs=/usr/WebSphere7/AppServer/java/lib:/usr/WebSphere7/AppServer/profiles/AppServer/classes:/usr/WebSphere7/AppServer/classes:/usr/WebSphere7/AppServer/lib:/usr/WebSphere7/AppServer/installedChannels:/usr/WebSphere7/AppServer/lib/ext:/usr/WebSphere7/AppServer/web/help:/usr/WebSphere7/AppServer/deploytool/itp/plugins/com.ibm.etools.ejbdeploy/runtime -Dderby.system.home=/usr/WebSphere7/AppServer/derby -Dcom.ibm.itp.location=/usr/WebSphere7/AppServer/bin -Djava.util.logging.configureByServer=true -Duser.install.root=/usr/WebSphere7/AppServer/profiles/AppServer -Djavax.management.builder.initial=com.ibm.ws.management.PlatformMBeanServerBuilder -Dwas.install.root=/usr/WebSphere7/AppServer -Dpython.cachedir=/usr/WebSphere7/AppServer/profiles/AppServer/temp/cachedir -Djava.util.logging.manager=com.ibm.ws.bootstrap.WsLogManager -Dserver.root=/usr/WebSphere7/AppServer/profiles/AppServer -Dcom.ibm.security.jgss.debug=off -Dcom.ibm.security.krb5.Krb5Debug=off -Djava.security.auth.login.config=/usr/WebSphere7/AppServer/profiles/AppServer/properties/wsjaas.conf -Djava.security.policy=/usr/WebSphere7/AppServer/profiles/AppServer/properties/server.policy com.ibm.wsspi.bootstrap.WSPreLauncher -nosplash -application com.ibm.ws.bootstrap.WSLauncher com.ibm.ws.runtime.WsServer /usr/WebSphere7/AppServer/profiles/AppServer/config cg1p07aCell01 cg1p07aNode01 nodeagent
wasadmin 43843768 35455156   2   Jul 29      - 423:20 /usr/WebSphere7/AppServer/java/bin/java -Declipse.security -Dwas.status.socket=54798 -Dosgi.install.area=/usr/WebSphere7/AppServer -Dosgi.configuration.area=/usr/WebSphere7/AppServer/profiles/AppServer/configuration -Djava.awt.headless=true -Dosgi.framework.extensions=com.ibm.cds,com.ibm.ws.eclipse.adaptors -Xshareclasses:name=webspherev70_%g,groupAccess,nonFatal -Xscmx50M -Dcom.ibm.xtq.processor.overrideSecureProcessing=true -Xbootclasspath/p:/usr/WebSphere7/AppServer/java/jre/lib/ext/ibmorb.jar:/usr/WebSphere7/AppServer/java/jre/lib/ext/ibmext.jar -classpath /usr/WebSphere7/AppServer/profiles/AppServer/properties:/usr/WebSphere7/AppServer/properties:/usr/WebSphere7/AppServer/lib/startup.jar:/usr/WebSphere7/AppServer/lib/bootstrap.jar:/usr/WebSphere7/AppServer/lib/jsf-nls.jar:/usr/WebSphere7/AppServer/lib/lmproxy.jar:/usr/WebSphere7/AppServer/lib/urlprotocols.jar:/usr/WebSphere7/AppServer/deploytool/itp/batchboot.jar:/usr/WebSphere7/AppServer/deploytool/itp/batch2.jar:/usr/WebSphere7/AppServer/java/lib/tools.jar -Dibm.websphere.internalClassAccessMode=allow -Xms256m -Xmx1792m -Dws.ext.dirs=/usr/WebSphere7/AppServer/java/lib:/usr/WebSphere7/AppServer/profiles/AppServer/classes:/usr/WebSphere7/AppServer/classes:/usr/WebSphere7/AppServer/lib:/usr/WebSphere7/AppServer/installedChannels:/usr/WebSphere7/AppServer/lib/ext:/usr/WebSphere7/AppServer/web/help:/usr/WebSphere7/AppServer/deploytool/itp/plugins/com.ibm.etools.ejbdeploy/runtime -Dderby.system.home=/usr/WebSphere7/AppServer/derby -Dcom.ibm.itp.location=/usr/WebSphere7/AppServer/bin -Djava.util.logging.configureByServer=true -Duser.install.root=/usr/WebSphere7/AppServer/profiles/AppServer -Djavax.management.builder.initial=com.ibm.ws.management.PlatformMBeanServerBuilder -Dwas.install.root=/usr/WebSphere7/AppServer -Dpython.cachedir=/usr/WebSphere7/AppServer/profiles/AppServer/temp/cachedir -Djava.util.logging.manager=com.ibm.ws.bootstrap.WsLogManager -Dserver.root=/usr/WebSphere7/AppServer/profiles/AppServer -Dcom.ibm.security.jgss.debug=off -Dcom.ibm.security.krb5.Krb5Debug=off -Djava.net.preferIPv4Stack=true -DentityExpansionLimit=10000 -Dfile.encoding=utf8 -Xgcpolicy:gencon -Djava.security.auth.login.config=/usr/WebSphere7/AppServer/profiles/AppServer/properties/wsjaas.conf -Djava.security.policy=/usr/WebSphere7/AppServer/profiles/AppServer/properties/server.policy com.ibm.wsspi.bootstrap.WSPreLauncher -nosplash -application com.ibm.ws.bootstrap.WSLauncher com.ibm.ws.runtime.WsServer /usr/WebSphere7/AppServer/profiles/AppServer/config cg1p07aCell01 cg1p07aNode01 Adobe_Forms
wasadmin 44368030        1   0   Jul 29      - 180:14 /usr/WebSphere7/AppServer/java/bin/java -Declipse.security -Dwas.status.socket=54326 -Dosgi.install.area=/usr/WebSphere7/AppServer -Dosgi.configuration.area=/usr/WebSphere7/AppServer/profiles/DeploymentManager/configuration -Djava.awt.headless=true -Dosgi.framework.extensions=com.ibm.cds,com.ibm.ws.eclipse.adaptors -Xshareclasses:name=webspherev70_%g,groupAccess,nonFatal -Xscmx50M -Dcom.ibm.xtq.processor.overrideSecureProcessing=true -Xbootclasspath/p:/usr/WebSphere7/AppServer/java/jre/lib/ext/ibmorb.jar:/usr/WebSphere7/AppServer/java/jre/lib/ext/ibmext.jar -classpath /usr/WebSphere7/AppServer/profiles/DeploymentManager/properties:/usr/WebSphere7/AppServer/properties:/usr/WebSphere7/AppServer/lib/startup.jar:/usr/WebSphere7/AppServer/lib/bootstrap.jar:/usr/WebSphere7/AppServer/lib/jsf-nls.jar:/usr/WebSphere7/AppServer/lib/lmproxy.jar:/usr/WebSphere7/AppServer/lib/urlprotocols.jar:/usr/WebSphere7/AppServer/deploytool/itp/batchboot.jar:/usr/WebSphere7/AppServer/deploytool/itp/batch2.jar:/usr/WebSphere7/AppServer/java/lib/tools.jar -Dibm.websphere.internalClassAccessMode=allow -Xms50m -Xmx256m -Dws.ext.dirs=/usr/WebSphere7/AppServer/java/lib:/usr/WebSphere7/AppServer/profiles/DeploymentManager/classes:/usr/WebSphere7/AppServer/classes:/usr/WebSphere7/AppServer/lib:/usr/WebSphere7/AppServer/installedChannels:/usr/WebSphere7/AppServer/lib/ext:/usr/WebSphere7/AppServer/web/help:/usr/WebSphere7/AppServer/deploytool/itp/plugins/com.ibm.etools.ejbdeploy/runtime -Dderby.system.home=/usr/WebSphere7/AppServer/derby -Dcom.ibm.itp.location=/usr/WebSphere7/AppServer/bin -Djava.util.logging.configureByServer=true -Duser.install.root=/usr/WebSphere7/AppServer/profiles/DeploymentManager -Djavax.management.builder.initial=com.ibm.ws.management.PlatformMBeanServerBuilder -Dwas.install.root=/usr/WebSphere7/AppServer -Dpython.cachedir=/usr/WebSphere7/AppServer/profiles/DeploymentManager/temp/cachedir -Djava.util.logging.manager=com.ibm.ws.bootstrap.WsLogManager -Dserver.root=/usr/WebSphere7/AppServer/profiles/DeploymentManager -Dcom.ibm.security.jgss.debug=off -Dcom.ibm.security.krb5.Krb5Debug=off -Djava.security.auth.login.config=/usr/WebSphere7/AppServer/profiles/DeploymentManager/properties/wsjaas.conf -Djava.security.policy=/usr/WebSphere7/AppServer/profiles/DeploymentManager/properties/server.policy com.ibm.wsspi.bootstrap.WSPreLauncher -nosplash -application com.ibm.ws.bootstrap.WSLauncher com.ibm.ws.runtime.WsServer /usr/WebSphere7/AppServer/profiles/DeploymentManager/config cg1p07aCell01 cg1p07aCellManager01 dmgr
wasadmin 45678608        1   1   Jul 29      - 162:26 /usr/WebSphere7CM/AppServer/java/bin/java -Declipse.security -Dwas.status.socket=52071 -Dosgi.install.area=/usr/WebSphere7CM/AppServer -Dosgi.configuration.area=/usr/WebSphere7CM/AppServer/profiles/DeploymentManager/configuration -Djava.awt.headless=true -Dosgi.framework.extensions=com.ibm.cds,com.ibm.ws.eclipse.adaptors -Xshareclasses:name=webspherev70_%g,groupAccess,nonFatal -Xscmx50M -Xbootclasspath/p:/usr/WebSphere7CM/AppServer/java/jre/lib/ext/ibmorb.jar:/usr/WebSphere7CM/AppServer/java/jre/lib/ext/ibmext.jar -classpath /usr/WebSphere7CM/AppServer/profiles/DeploymentManager/properties:/usr/WebSphere7CM/AppServer/properties:/usr/WebSphere7CM/AppServer/lib/startup.jar:/usr/WebSphere7CM/AppServer/lib/bootstrap.jar:/usr/WebSphere7CM/AppServer/lib/jsf-nls.jar:/usr/WebSphere7CM/AppServer/lib/lmproxy.jar:/usr/WebSphere7CM/AppServer/lib/urlprotocols.jar:/usr/WebSphere7CM/AppServer/deploytool/itp/batchboot.jar:/usr/WebSphere7CM/AppServer/deploytool/itp/batch2.jar:/usr/WebSphere7CM/AppServer/java/lib/tools.jar -Dibm.websphere.internalClassAccessMode=allow -Xms50m -Xmx256m -Dws.ext.dirs=/usr/WebSphere7CM/AppServer/java/lib:/usr/WebSphere7CM/AppServer/profiles/DeploymentManager/classes:/usr/WebSphere7CM/AppServer/classes:/usr/WebSphere7CM/AppServer/lib:/usr/WebSphere7CM/AppServer/installedChannels:/usr/WebSphere7CM/AppServer/lib/ext:/usr/WebSphere7CM/AppServer/web/help:/usr/WebSphere7CM/AppServer/deploytool/itp/plugins/com.ibm.etools.ejbdeploy/runtime -Dderby.system.home=/usr/WebSphere7CM/AppServer/derby -Dcom.ibm.itp.location=/usr/WebSphere7CM/AppServer/bin -Djava.util.logging.configureByServer=true -Duser.install.root=/usr/WebSphere7CM/AppServer/profiles/DeploymentManager -Djavax.management.builder.initial=com.ibm.ws.management.PlatformMBeanServerBuilder -Dwas.install.root=/usr/WebSphere7CM/AppServer -Dpython.cachedir=/usr/WebSphere7CM/AppServer/profiles/DeploymentManager/temp/cachedir -Djava.util.logging.manager=com.ibm.ws.bootstrap.WsLogManager -Dserver.root=/usr/WebSphere7CM/AppServer/profiles/DeploymentManager -Dcom.ibm.security.jgss.debug=off -Dcom.ibm.security.krb5.Krb5Debug=off -Djava.security.auth.login.config=/usr/WebSphere7CM/AppServer/profiles/DeploymentManager/properties/wsjaas.conf -Djava.security.policy=/usr/WebSphere7CM/AppServer/profiles/DeploymentManager/properties/server.policy com.ibm.wsspi.bootstrap.WSPreLauncher -nosplash -application com.ibm.ws.bootstrap.WSLauncher com.ibm.ws.runtime.WsServer /usr/WebSphere7CM/AppServer/profiles/DeploymentManager/config cg1p07aCMCell cg1p07aCMCellManager dmgr
wasadmin 46071888  7274680   0   Sep 18      - 313:14 /usr/WebSphere/AppServer_85_CF/java_1.7.1_64/bin/java -Dosgi.install.area=/usr/WebSphere/AppServer_85_CF -Dwas.status.socket=57212 -Dosgi.configuration.area=/usr/WebSphere/AppServer_85_CF/profiles/AppServer/servers/DEV_CF_a03_01/configuration -Djava.awt.headless=true -Dosgi.framework.extensions=com.ibm.cds,com.ibm.ws.eclipse.adaptors -Xshareclasses:name=webspherev85_1.7.1_64_%g,nonFatal -Dcom.ibm.xtq.processor.overrideSecureProcessing=true -Xcheck:dump -Xbootclasspath/p:/usr/WebSphere/AppServer_85_CF/java_1.7.1_64/jre/lib/ibmorb.jar -classpath /usr/WebSphere/AppServer_85_CF/profiles/AppServer/properties:/usr/WebSphere/AppServer_85_CF/properties:/usr/WebSphere/AppServer_85_CF/lib/startup.jar:/usr/WebSphere/AppServer_85_CF/lib/bootstrap.jar:/usr/WebSphere/AppServer_85_CF/lib/jsf-nls.jar:/usr/WebSphere/AppServer_85_CF/lib/lmproxy.jar:/usr/WebSphere/AppServer_85_CF/lib/urlprotocols.jar:/usr/WebSphere/AppServer_85_CF/deploytool/itp/batchboot.jar:/usr/WebSphere/AppServer_85_CF/deploytool/itp/batch2.jar:/usr/WebSphere/AppServer_85_CF/java_1.7.1_64/lib/tools.jar -Dibm.websphere.internalClassAccessMode=allow -Xms512m -Xmx1024m -Xcompressedrefs -Xscmaxaot4M -Xscmx90M -Dws.ext.dirs=/usr/WebSphere/AppServer_85_CF/java_1.7.1_64/lib:/usr/WebSphere/AppServer_85_CF/profiles/AppServer/classes:/usr/WebSphere/AppServer_85_CF/classes:/usr/WebSphere/AppServer_85_CF/lib:/usr/WebSphere/AppServer_85_CF/installedChannels:/usr/WebSphere/AppServer_85_CF/lib/ext:/usr/WebSphere/AppServer_85_CF/web/help:/usr/WebSphere/AppServer_85_CF/deploytool/itp/plugins/com.ibm.etools.ejbdeploy/runtime -Dderby.system.home=/usr/WebSphere/AppServer_85_CF/derby -Dcom.ibm.itp.location=/usr/WebSphere/AppServer_85_CF/bin -Djava.util.logging.configureByServer=true -Duser.install.root=/usr/WebSphere/AppServer_85_CF/profiles/AppServer -Djava.ext.dirs=/usr/WebSphere/AppServer_85_CF/tivoli/tam:/usr/WebSphere/AppServer_85_CF/java_1.7.1_64/jre/lib/ext -Djavax.management.builder.initial=com.ibm.ws.management.PlatformMBeanServerBuilder -Dpython.cachedir=/usr/WebSphere/AppServer_85_CF/profiles/AppServer/temp/cachedir -Dwas.install.root=/usr/WebSphere/AppServer_85_CF -Djava.util.logging.manager=com.ibm.ws.bootstrap.WsLogManager -Dserver.root=/usr/WebSphere/AppServer_85_CF/profiles/AppServer -Dcom.ibm.security.jgss.debug=off -Dcom.ibm.security.krb5.Krb5Debug=off -Dcom.filenet.gcd.JNDIName=GCDDB -Dcom.filenet.gcd.JNDIXAName=GCDDBXA -Dcom.filenet.gcd.LicenseModel=ICF.CU -Dcom.ibm.security.jurisdictionPolicyDir=/usr/WebSphere/jlib -Duser.language=en -Duser.region=US -Duser.country=US -Djava.library.path=/usr/WebSphere/AppServer_85_CF/lib/native/aix/ppc_64/:/usr/WebSphere/AppServer_85_CF/java_1.7.1_64/jre/lib/ppc64/compressedrefs:/usr/WebSphere/AppServer_85_CF/java_1.7.1_64/jre/lib/ppc64:/usr/WebSphere/AppServer_85_CF/java_1.7.1_64/jre/lib/ppc64/j9vm:/usr/WebSphere/AppServer_85_CF/java_1.7.1_64/jre/lib/ppc64:/usr/WebSphere/AppServer_85_CF/java_1.7.1_64/jre/../lib/ppc64:/usr/WebSphere/AppServer_85_CF/bin:/opt/IBM/db2cmv8/lib:/opt/IBM/db2cmv8/inso:/opt/IBM/db2cmv8/lib:/opt/IBM/db2cmv8/inso:/db2home/instdicm/sqllib/lib64:/usr/local/adobe/central/lib:/usr/lib64:/usr/lib: -Djava.endorsed.dirs=/usr/WebSphere/AppServer_85_CF/endorsed_apis:/usr/WebSphere/AppServer_85_CF/java_1.7.1_64/jre/lib/endorsed -Djava.security.auth.login.config=/usr/WebSphere/AppServer_85_CF/profiles/AppServer/properties/wsjaas.conf -Djava.security.policy=/usr/WebSphere/AppServer_85_CF/profiles/AppServer/properties/server.policy com.ibm.wsspi.bootstrap.WSPreLauncher -nosplash -application com.ibm.ws.bootstrap.WSLauncher com.ibm.ws.runtime.WsServer /usr/WebSphere/AppServer_85_CF/profiles/AppServer/config ankcsedeva03CFCell01 ankcsedeva03CFNode01 DEV_CF_a03_01
wasadmin 49283242        1   1 13:41:05  pts/0  0:36 /usr/WebSphere/AppServer_85A/java_1.7.1_64/bin/java -Declipse.security -Dwas.status.socket=33634 -Dosgi.install.area=/usr/WebSphere/AppServer_85A -Dosgi.configuration.area=/usr/WebSphere/AppServer_85A/profiles/DeploymentManager/servers/dmgr/configuration -Dosgi.framework.extensions=com.ibm.cds,com.ibm.ws.eclipse.adaptors -Xshareclasses:name=webspherev85_1.7.1_64_%g,nonFatal -Xscmx50M -Dcom.ibm.xtq.processor.overrideSecureProcessing=true -Xcheck:dump -Xbootclasspath/p:/usr/WebSphere/AppServer_85A/java_1.7.1_64/jre/lib/ibmorb.jar -classpath /usr/WebSphere/AppServer_85A/profiles/DeploymentManager/properties:/usr/WebSphere/AppServer_85A/properties:/usr/WebSphere/AppServer_85A/lib/startup.jar:/usr/WebSphere/AppServer_85A/lib/bootstrap.jar:/usr/WebSphere/AppServer_85A/lib/jsf-nls.jar:/usr/WebSphere/AppServer_85A/lib/lmproxy.jar:/usr/WebSphere/AppServer_85A/lib/urlprotocols.jar:/usr/WebSphere/AppServer_85A/deploytool/itp/batchboot.jar:/usr/WebSphere/AppServer_85A/deploytool/itp/batch2.jar:/usr/WebSphere/AppServer_85A/java_1.7.1_64/lib/tools.jar -Dibm.websphere.internalClassAccessMode=allow -Xms50m -Xmx256m -Xcompressedrefs -Dws.ext.dirs=/usr/WebSphere/AppServer_85A/java_1.7.1_64/lib:/usr/WebSphere/AppServer_85A/profiles/DeploymentManager/classes:/usr/WebSphere/AppServer_85A/classes:/usr/WebSphere/AppServer_85A/lib:/usr/WebSphere/AppServer_85A/installedChannels:/usr/WebSphere/AppServer_85A/lib/ext:/usr/WebSphere/AppServer_85A/web/help:/usr/WebSphere/AppServer_85A/deploytool/itp/plugins/com.ibm.etools.ejbdeploy/runtime -Dderby.system.home=/usr/WebSphere/AppServer_85A/derby -Dcom.ibm.itp.location=/usr/WebSphere/AppServer_85A/bin -Djava.util.logging.configureByServer=true -Duser.install.root=/usr/WebSphere/AppServer_85A/profiles/DeploymentManager -Djava.ext.dirs=/usr/WebSphere/AppServer_85A/tivoli/tam:/usr/WebSphere/AppServer_85A/java_1.7.1_64/jre/lib/ext -Djavax.management.builder.initial=com.ibm.ws.management.PlatformMBeanServerBuilder -Dpython.cachedir=/usr/WebSphere/AppServer_85A/profiles/DeploymentManager/temp/cachedir -Dwas.install.root=/usr/WebSphere/AppServer_85A -Djava.util.logging.manager=com.ibm.ws.bootstrap.WsLogManager -Dserver.root=/usr/WebSphere/AppServer_85A/profiles/DeploymentManager -Dcom.ibm.security.jgss.debug=off -Dcom.ibm.security.krb5.Krb5Debug=off -Djava.awt.headless=true -Djava.library.path=/usr/WebSphere/AppServer_85A/lib/native/aix/ppc_64/:/usr/WebSphere/AppServer_85A/java_1.7.1_64/jre/lib/ppc64/compressedrefs:/usr/WebSphere/AppServer_85A/java_1.7.1_64/jre/lib/ppc64:/usr/WebSphere/AppServer_85A/java_1.7.1_64/jre/lib/ppc64/j9vm:/usr/WebSphere/AppServer_85A/java_1.7.1_64/jre/lib/ppc64:/usr/WebSphere/AppServer_85A/java_1.7.1_64/jre/../lib/ppc64:/usr/WebSphere/AppServer_85A/bin:/opt/IBM/db2cmv8/lib:/opt/IBM/db2cmv8/inso:/opt/IBM/db2cmv8/lib:/opt/IBM/db2cmv8/inso:/db2home/instdicm/sqllib/lib64:/usr/local/adobe/central/lib:/usr/lib64:/usr/lib: -Djava.endorsed.dirs=/usr/WebSphere/AppServer_85A/endorsed_apis:/usr/WebSphere/AppServer_85A/java_1.7.1_64/jre/lib/endorsed -Djava.security.auth.login.config=/usr/WebSphere/AppServer_85A/profiles/DeploymentManager/properties/wsjaas.conf -Djava.security.policy=/usr/WebSphere/AppServer_85A/profiles/DeploymentManager/properties/server.policy com.ibm.wsspi.bootstrap.WSPreLauncher -nosplash -application com.ibm.ws.bootstrap.WSLauncher com.ibm.ws.runtime.WsServer /usr/WebSphere/AppServer_85A/profiles/DeploymentManager/config ankcsedeva03AdobeCell01 ankcsedeva03AdobeCellManager01 dmgr
cseadmin 52560106 52166678   0 13:46:48  pts/2  0:00 grep java
ankcsedeva03[/usr/WebSphere]$ ps -ef | grep javaps -ef | grep java | grep AppServer _85A
wasadmin 28967070        1   1 13:42:07  pts/0  0:13 /usr/WebSphere/AppServer_85A/java_1.7.1_64/bin/java -Xmaxt0.5 -Dwas.status.socket=33672 -Declipse.security -Dosgi.install.area=/usr/WebSphere/AppServer_85A -Dosgi.configuration.area=/usr/WebSphere/AppServer_85A/profiles/AppServer/servers/nodeagent/configuration -Djava.awt.headless=true -Dosgi.framework.extensions=com.ibm.cds,com.ibm.ws.eclipse.adaptors -Xshareclasses:name=webspherev85_1.7.1_64_%g,nonFatal -Dcom.ibm.xtq.processor.overrideSecureProcessing=true -Xcheck:dump -Xbootclasspath/p:/usr/WebSphere/AppServer_85A/java_1.7.1_64/jre/lib/ibmorb.jar -Dorg.osgi.framework.bootdelegation=* -classpath /usr/WebSphere/AppServer_85A/profiles/AppServer/properties:/usr/WebSphere/AppServer_85A/properties:/usr/WebSphere/AppServer_85A/lib/startup.jar:/usr/WebSphere/AppServer_85A/lib/bootstrap.jar:/usr/WebSphere/AppServer_85A/lib/jsf-nls.jar:/usr/WebSphere/AppServer_85A/lib/lmproxy.jar:/usr/WebSphere/AppServer_85A/lib/urlprotocols.jar:/usr/WebSphere/AppServer_85A/deploytool/itp/batchboot.jar:/usr/WebSphere/AppServer_85A/deploytool/itp/batch2.jar:/usr/WebSphere/AppServer_85A/java_1.7.1_64/lib/tools.jar -Dorg.osgi.framework.bootdelegation=* -Dibm.websphere.internalClassAccessMode=allow -Xms50m -Xmx256m -Xcompressedrefs -Xscmaxaot4M -Xnoaot -Xscmx90M -Dws.ext.dirs=/usr/WebSphere/AppServer_85A/java_1.7.1_64/lib:/usr/WebSphere/AppServer_85A/profiles/AppServer/classes:/usr/WebSphere/AppServer_85A/classes:/usr/WebSphere/AppServer_85A/lib:/usr/WebSphere/AppServer_85A/installedChannels:/usr/WebSphere/AppServer_85A/lib/ext:/usr/WebSphere/AppServer_85A/web/help:/usr/WebSphere/AppServer_85A/deploytool/itp/plugins/com.ibm.etools.ejbdeploy/runtime -Dderby.system.home=/usr/WebSphere/AppServer_85A/derby -Dcom.ibm.itp.location=/usr/WebSphere/AppServer_85A/bin -Djava.util.logging.configureByServer=true -Duser.install.root=/usr/WebSphere/AppServer_85A/profiles/AppServer -Djava.ext.dirs=/usr/WebSphere/AppServer_85A/tivoli/tam:/usr/WebSphere/AppServer_85A/java_1.7.1_64/jre/lib/ext -Djavax.management.builder.initial=com.ibm.ws.management.PlatformMBeanServerBuilder -Dpython.cachedir=/usr/WebSphere/AppServer_85A/profiles/AppServer/temp/cachedir -Dwas.install.root=/usr/WebSphere/AppServer_85A -Djava.util.logging.manager=com.ibm.ws.bootstrap.WsLogManager -Dserver.root=/usr/WebSphere/AppServer_85A/profiles/AppServer -Dcom.ibm.security.jgss.debug=off -Dcom.ibm.security.krb5.Krb5Debug=off -Dcom.ibm.security.jurisdictionPolicyDir=/usr/WebSphere/jlib -Djava.library.path=/usr/WebSphere/AppServer_85A/lib/native/aix/ppc_64/:/usr/WebSphere/AppServer_85A/java_1.7.1_64/jre/lib/ppc64/compressedrefs:/usr/WebSphere/AppServer_85A/java_1.7.1_64/jre/lib/ppc64:/usr/WebSphere/AppServer_85A/java_1.7.1_64/jre/lib/ppc64/j9vm:/usr/WebSphere/AppServer_85A/java_1.7.1_64/jre/lib/ppc64:/usr/WebSphere/AppServer_85A/java_1.7.1_64/jre/../lib/ppc64:/usr/WebSphere/AppServer_85A/bin:/opt/IBM/db2cmv8/lib:/opt/IBM/db2cmv8/inso:/opt/IBM/db2cmv8/lib:/opt/IBM/db2cmv8/inso:/db2home/instdicm/sqllib/lib64:/usr/local/adobe/central/lib:/usr/lib64:/usr/lib: -Djava.endorsed.dirs=/usr/WebSphere/AppServer_85A/endorsed_apis:/usr/WebSphere/AppServer_85A/java_1.7.1_64/jre/lib/endorsed -Djava.security.auth.login.config=/usr/WebSphere/AppServer_85A/profiles/AppServer/properties/wsjaas.conf -Djava.security.policy=/usr/WebSphere/AppServer_85A/profiles/AppServer/properties/server.policy com.ibm.wsspi.bootstrap.WSPreLauncher -nosplash -application com.ibm.ws.bootstrap.WSLauncher com.ibm.ws.runtime.WsServer /usr/WebSphere/AppServer_85A/profiles/AppServer/config ankcsedeva03AdobeCell01 ankcsedeva03AdobeNode01 nodeagent
wasadmin 49283242        1   2 13:41:05  pts/0  0:36 /usr/WebSphere/AppServer_85A/java_1.7.1_64/bin/java -Declipse.security -Dwas.status.socket=33634 -Dosgi.install.area=/usr/WebSphere/AppServer_85A -Dosgi.configuration.area=/usr/WebSphere/AppServer_85A/profiles/DeploymentManager/servers/dmgr/configuration -Dosgi.framework.extensions=com.ibm.cds,com.ibm.ws.eclipse.adaptors -Xshareclasses:name=webspherev85_1.7.1_64_%g,nonFatal -Xscmx50M -Dcom.ibm.xtq.processor.overrideSecureProcessing=true -Xcheck:dump -Xbootclasspath/p:/usr/WebSphere/AppServer_85A/java_1.7.1_64/jre/lib/ibmorb.jar -classpath /usr/WebSphere/AppServer_85A/profiles/DeploymentManager/properties:/usr/WebSphere/AppServer_85A/properties:/usr/WebSphere/AppServer_85A/lib/startup.jar:/usr/WebSphere/AppServer_85A/lib/bootstrap.jar:/usr/WebSphere/AppServer_85A/lib/jsf-nls.jar:/usr/WebSphere/AppServer_85A/lib/lmproxy.jar:/usr/WebSphere/AppServer_85A/lib/urlprotocols.jar:/usr/WebSphere/AppServer_85A/deploytool/itp/batchboot.jar:/usr/WebSphere/AppServer_85A/deploytool/itp/batch2.jar:/usr/WebSphere/AppServer_85A/java_1.7.1_64/lib/tools.jar -Dibm.websphere.internalClassAccessMode=allow -Xms50m -Xmx256m -Xcompressedrefs -Dws.ext.dirs=/usr/WebSphere/AppServer_85A/java_1.7.1_64/lib:/usr/WebSphere/AppServer_85A/profiles/DeploymentManager/classes:/usr/WebSphere/AppServer_85A/classes:/usr/WebSphere/AppServer_85A/lib:/usr/WebSphere/AppServer_85A/installedChannels:/usr/WebSphere/AppServer_85A/lib/ext:/usr/WebSphere/AppServer_85A/web/help:/usr/WebSphere/AppServer_85A/deploytool/itp/plugins/com.ibm.etools.ejbdeploy/runtime -Dderby.system.home=/usr/WebSphere/AppServer_85A/derby -Dcom.ibm.itp.location=/usr/WebSphere/AppServer_85A/bin -Djava.util.logging.configureByServer=true -Duser.install.root=/usr/WebSphere/AppServer_85A/profiles/DeploymentManager -Djava.ext.dirs=/usr/WebSphere/AppServer_85A/tivoli/tam:/usr/WebSphere/AppServer_85A/java_1.7.1_64/jre/lib/ext -Djavax.management.builder.initial=com.ibm.ws.management.PlatformMBeanServerBuilder -Dpython.cachedir=/usr/WebSphere/AppServer_85A/profiles/DeploymentManager/temp/cachedir -Dwas.install.root=/usr/WebSphere/AppServer_85A -Djava.util.logging.manager=com.ibm.ws.bootstrap.WsLogManager -Dserver.root=/usr/WebSphere/AppServer_85A/profiles/DeploymentManager -Dcom.ibm.security.jgss.debug=off -Dcom.ibm.security.krb5.Krb5Debug=off -Djava.awt.headless=true -Djava.library.path=/usr/WebSphere/AppServer_85A/lib/native/aix/ppc_64/:/usr/WebSphere/AppServer_85A/java_1.7.1_64/jre/lib/ppc64/compressedrefs:/usr/WebSphere/AppServer_85A/java_1.7.1_64/jre/lib/ppc64:/usr/WebSphere/AppServer_85A/java_1.7.1_64/jre/lib/ppc64/j9vm:/usr/WebSphere/AppServer_85A/java_1.7.1_64/jre/lib/ppc64:/usr/WebSphere/AppServer_85A/java_1.7.1_64/jre/../lib/ppc64:/usr/WebSphere/AppServer_85A/bin:/opt/IBM/db2cmv8/lib:/opt/IBM/db2cmv8/inso:/opt/IBM/db2cmv8/lib:/opt/IBM/db2cmv8/inso:/db2home/instdicm/sqllib/lib64:/usr/local/adobe/central/lib:/usr/lib64:/usr/lib: -Djava.endorsed.dirs=/usr/WebSphere/AppServer_85A/endorsed_apis:/usr/WebSphere/AppServer_85A/java_1.7.1_64/jre/lib/endorsed -Djava.security.auth.login.config=/usr/WebSphere/AppServer_85A/profiles/DeploymentManager/properties/wsjaas.conf -Djava.security.policy=/usr/WebSphere/AppServer_85A/profiles/DeploymentManager/properties/server.policy com.ibm.wsspi.bootstrap.WSPreLauncher -nosplash -application com.ibm.ws.bootstrap.WSLauncher com.ibm.ws.runtime.WsServer /usr/WebSphere/AppServer_85A/profiles/DeploymentManager/config ankcsedeva03AdobeCell01 ankcsedeva03AdobeCellManager01 dmgr
ankcsedeva03[/usr/WebSphere]$ exit
