=~=~=~=~=~=~=~=~=~=~=~= PuTTY log 2019.10.17 08:28:50 =~=~=~=~=~=~=~=~=~=~=~=
Using username "cseadmin".
Last unsuccessful login: Thu Jun 20 09:43:21 PDT 2019 on ssh from 134.187.129.115
Last login: Thu Oct 17 08:00:04 PDT 2019 on ssh from ankcseprda10
*******************************************************************************
*                                                                             *
*                                                                             *
*  Welcome to AIX Version 7.1!                                                *
*                                                                             *
*                                                                             *
*  Please see the README file in /usr/lpp/bos for information pertinent to    *
*  this release of the AIX Operating System.                                  *
*                                                                             *
*                                                                             *
*******************************************************************************
ankcseprda03[/home/cseadmin]$ ps -ef |grep B Batch
cseadmin 11075766 18743492   0 08:28:57  pts/0  0:00 grep Batch
wasadmin 54919362  5177468  74   Oct 07      - 990:46 /usr/WebSphere/AppServer_85/java_1.7.1_32/bin/java -Dosgi.install.area=/usr/WebSphere/AppServer_85 -Dwas.status.socket=61317 -Dosgi.configuration.area=/usr/WebSphere/AppServer_85/profiles/AppServer/servers/PROD01_Batch_AP034_01/configuration -Djava.awt.headless=true -Dosgi.framework.extensions=com.ibm.cds,com.ibm.ws.eclipse.adaptors -Xshareclasses:name=webspherev85_1.7.1_32_%g,nonFatal -Dcom.ibm.xtq.processor.overrideSecureProcessing=true -Xcheck:dump -Xbootclasspath/p:/usr/WebSphere/AppServer_85/java_1.7.1_32/jre/lib/ibmorb.jar -classpath /usr/WebSphere/AppServer_85/profiles/AppServer/properties:/usr/WebSphere/AppServer_85/properties:/usr/WebSphere/AppServer_85/lib/startup.jar:/usr/WebSphere/AppServer_85/lib/bootstrap.jar:/usr/WebSphere/AppServer_85/lib/jsf-nls.jar:/usr/WebSphere/AppServer_85/lib/lmproxy.jar:/usr/WebSphere/AppServer_85/lib/urlprotocols.jar:/usr/WebSphere/AppServer_85/deploytool/itp/batchboot.jar:/usr/WebSphere/AppServer_85/deploytool/itp/batch2.jar:/usr/WebSphere/AppServer_85/java_1.7.1_32/lib/tools.jar:/cse/lib/Jar_Repository/TECHARCH_REPORTING/BRIO_CONFIG/default-domain.cfg:/cse/lib/Jar_Repository/TECHARCH_REPORTING/BRIO_CONFIG/ionaprop.jar:/cse/lib/Jar_Repository/TECHARCH_FORMS/QOPPA/jPDFImages.jar:/cse/lib/Jar_Repository/TECHARCH_FORMS/QOPPA/jai_codec.jar:/cse/lib/Jar_Repository/TECHARCH_FORMS/QOPPA/jai_imageio.jar -Dorg.osgi.framework.bootdelegation=* -Dibm.websphere.internalClassAccessMode=allow -verbose:gc -Xms512m -Xmx1536m -Xscmaxaot4M -Xscmx90M -Dws.ext.dirs=/usr/WebSphere/AppServer_85/java_1.7.1_32/lib:/usr/WebSphere/AppServer_85/profiles/AppServer/classes:/usr/WebSphere/AppServer_85/classes:/usr/WebSphere/AppServer_85/lib:/usr/WebSphere/AppServer_85/installedChannels:/usr/WebSphere/AppServer_85/lib/ext:/usr/WebSphere/AppServer_85/web/help:/usr/WebSphere/AppServer_85/deploytool/itp/plugins/com.ibm.etools.ejbdeploy/runtime -Dderby.system.home=/usr/WebSphere/AppServer_85/derby -Dcom.ibm.itp.location=/usr/WebSphere/AppServer_85/bin -Djava.util.logging.configureByServer=true -Duser.install.root=/usr/WebSphere/AppServer_85/profiles/AppServer -Djava.ext.dirs=/usr/WebSphere/AppServer_85/tivoli/tam:/usr/WebSphere/AppServer_85/java_1.7.1_32/jre/lib/ext -Djavax.management.builder.initial=com.ibm.ws.management.PlatformMBeanServerBuilder -Dpython.cachedir=/usr/WebSphere/AppServer_85/profiles/AppServer/temp/cachedir -Dwas.install.root=/usr/WebSphere/AppServer_85 -Djava.util.logging.manager=com.ibm.ws.bootstrap.WsLogManager -Dserver.root=/usr/WebSphere/AppServer_85/profiles/AppServer -Dcom.ibm.security.jgss.debug=off -Dcom.ibm.security.krb5.Krb5Debug=off -Dgov.ca.dcss.cse.common.inContainer=true -Dcom.wily.introscope.agentProfile=/cse/introscopeAgent/wily/core/config/IntroscopeAgent_Batch.profile -javaagent:/cse/introscopeAgent/wily/AgentNoRedefNoRetrans.jar -Xgcpolicy:gencon -DHYPERION_HOME=/cse/lib/Jar_Repository/TECHARCH_REPORTING/HYP11PDOR -DEPM_ORACLE_HOME=/cse/lib/Jar_Repository/TECHARCH_REPORTING/HYP11PDOR -DEPM_ORACLE_INSTANCE=/cse/lib/Jar_Repository/TECHARCH_REPORTING/HYP11PDOR -Dlogging.folder=/cse/batch/PROD01_Batch_AP034_01/logs -Djava.io.tmpdir=/tmp -Djava.util.logging.config.class=oracle.core.ojdl.logging.LoggingConfiguration -Doracle.core.ojdl.logging.config.file=/cse/lib/Jar_Repository/TECHARCH_REPORTING/HYP11PDOR/logging.xml -Dcom.ibm.security.jurisdictionPolicyDir=/usr/WebSphere/jlib -Djava.library.path=/usr/WebSphere/AppServer_85/lib/native/aix/ppc_32/:/usr/WebSphere/AppServer_85/java_1.7.1_32/jre/lib/ppc/default:/usr/WebSphere/AppServer_85/java_1.7.1_32/jre/lib/ppc:/usr/WebSphere/AppServer_85/java_1.7.1_32/jre/lib/ppc/j9vm:/usr/WebSphere/AppServer_85/java_1.7.1_32/jre/lib/ppc:/usr/WebSphere/AppServer_85/java_1.7.1_32/jre/../lib/ppc:/usr/WebSphere/AppServer_85/bin:/insthome/db2cinst/sqllib/lib64:/insthome/db2cinst/sqllib/lib64/gskit:/usr/lib:/lib:/usr/lib:/cse/finalist/lib/:/cse/lib/: -Djava.endorsed.dirs=/usr/WebSphere/AppServer_85/endorsed_apis:/usr/WebSphere/AppServer_85/java_1.7.1_32/jre/lib/endorsed -Djava.security.auth.login.config=/usr/WebSphere/AppServer_85/profiles/AppServer/properties/wsjaas.conf -Djava.security.policy=/usr/WebSphere/AppServer_85/profiles/AppServer/properties/server.policy com.ibm.wsspi.bootstrap.WSPreLauncher -nosplash -application com.ibm.ws.bootstrap.WSLauncher com.ibm.ws.runtime.WsServer /usr/WebSphere/AppServer_85/profiles/AppServer/config cg1p37aCell01 cg1p28aNode01 PROD01_Batch_AP034_01
ankcseprda03[/home/cseadmin]$ 
Shell will time out in 60 seconds.
ksh: Timed out waiting for input.
