=~=~=~=~=~=~=~=~=~=~=~= PuTTY log 2019.11.06 13:59:56 =~=~=~=~=~=~=~=~=~=~=~=
Using username "cseadmin".
Last unsuccessful login: Wed Jul  5 09:02:58 PDT 2017 on ssh from 169.2.108.253
Last login: Wed Nov  6 10:02:08 PST 2019 on ssh from ankcsedeva06
*******************************************************************************
*                                                                             *
*                                                                             *
*  Welcome to AIX Version 7.1!                                                *
*                                                                             *
*                                                                             *
*  Please see the README file in /usr/lpp/bos for information pertinent to    *
*  this release of the AIX Operating System.                                  *
*                                                                             *
*                                                                             *
*******************************************************************************
[YOU HAVE NEW MAIL]
ankcsesyaa03[/home/cseadmin]$ ps -ef | grep dmgr
wasadmin 11403294        1   0   Jul 24      - 419:33 /usr/WebSphere/AppServer_85/java_1.7.1_32/bin/java -Dosgi.install.area=/usr/WebSphere/AppServer_85 -Dwas.status.socket=47545 -Dosgi.configuration.area=/usr/WebSphere/AppServer_85/profiles/DeploymentManager/servers/dmgr/configuration -Dosgi.framework.extensions=com.ibm.cds,com.ibm.ws.eclipse.adaptors -Xshareclasses:name=webspherev85_1.7.1_32_%g,nonFatal -Xscmx50M -Dcom.ibm.xtq.processor.overrideSecureProcessing=true -Xcheck:dump -Xbootclasspath/p:/usr/WebSphere/AppServer_85/java_1.7.1_32/jre/lib/ibmorb.jar -classpath /usr/WebSphere/AppServer_85/profiles/DeploymentManager/properties:/usr/WebSphere/AppServer_85/properties:/usr/WebSphere/AppServer_85/lib/startup.jar:/usr/WebSphere/AppServer_85/lib/bootstrap.jar:/usr/WebSphere/AppServer_85/lib/jsf-nls.jar:/usr/WebSphere/AppServer_85/lib/lmproxy.jar:/usr/WebSphere/AppServer_85/lib/urlprotocols.jar:/usr/WebSphere/AppServer_85/deploytool/itp/batchboot.jar:/usr/WebSphere/AppServer_85/deploytool/itp/batch2.jar:/usr/WebSphere/AppServer_85/java_1.7.1_32/lib/tools.jar -Dibm.websphere.internalClassAccessMode=allow -Xms50m -Xmx256m -Dws.ext.dirs=/usr/WebSphere/AppServer_85/java_1.7.1_32/lib:/usr/WebSphere/AppServer_85/profiles/DeploymentManager/classes:/usr/WebSphere/AppServer_85/classes:/usr/WebSphere/AppServer_85/lib:/usr/WebSphere/AppServer_85/installedChannels:/usr/WebSphere/AppServer_85/lib/ext:/usr/WebSphere/AppServer_85/web/help:/usr/WebSphere/AppServer_85/deploytool/itp/plugins/com.ibm.etools.ejbdeploy/runtime -Dderby.system.home=/usr/WebSphere/AppServer_85/derby -Dcom.ibm.itp.location=/usr/WebSphere/AppServer_85/bin -Djava.util.logging.configureByServer=true -Duser.install.root=/usr/WebSphere/AppServer_85/profiles/DeploymentManager -Djava.ext.dirs=/usr/WebSphere/AppServer_85/tivoli/tam:/usr/WebSphere/AppServer_85/java_1.7.1_32/jre/lib/ext -Djavax.management.builder.initial=com.ibm.ws.management.PlatformMBeanServerBuilder -Dpython.cachedir=/usr/WebSphere/AppServer_85/profiles/DeploymentManager/temp/cachedir -Dwas.install.root=/usr/WebSphere/AppServer_85 -Djava.util.logging.manager=com.ibm.ws.bootstrap.WsLogManager -Dserver.root=/usr/WebSphere/AppServer_85/profiles/DeploymentManager -Dcom.ibm.security.jgss.debug=off -Dcom.ibm.security.krb5.Krb5Debug=off -Djava.awt.headless=true -Dcom.ibm.security.jurisdictionPolicyDir=/usr/WebSphere/jlib -Djava.library.path=/usr/WebSphere/AppServer_85/lib/native/aix/ppc_32/:/usr/WebSphere/AppServer_85/java_1.7.1_32/jre/lib/ppc/default:/usr/WebSphere/AppServer_85/java_1.7.1_32/jre/lib/ppc:/usr/WebSphere/AppServer_85/java_1.7.1_32/jre/lib/ppc/j9vm:/usr/WebSphere/AppServer_85/java_1.7.1_32/jre/lib/ppc:/usr/WebSphere/AppServer_85/java_1.7.1_32/jre/../lib/ppc:/usr/WebSphere/AppServer_85/bin:/insthome/db2cinst/sqllib/lib64:/insthome/db2cinst/sqllib/lib64/gskit:/usr/lib:/lib:/usr/lib: -Djava.endorsed.dirs=/usr/WebSphere/AppServer_85/endorsed_apis:/usr/WebSphere/AppServer_85/java_1.7.1_32/jre/lib/endorsed -Djava.security.auth.login.config=/usr/WebSphere/AppServer_85/profiles/DeploymentManager/properties/wsjaas.conf -Djava.security.policy=/usr/WebSphere/AppServer_85/profiles/DeploymentManager/properties/server.policy com.ibm.wsspi.bootstrap.WSPreLauncher -nosplash -application com.ibm.ws.bootstrap.WSLauncher com.ibm.ws.runtime.WsServer /usr/WebSphere/AppServer_85/profiles/DeploymentManager/config cg1p44aCell01 cg1p44aCellManager01 dmgr
ankcsesyaa03[/home/cseadmin]$ cd /usr/WebSphere/AppServer _85/profiles/DeploymentManager/config/cse*
ankcsesyaa03[/usr/WebSphere/AppServer_85/profiles/DeploymentManager/config/cseProperties]$ grep -i health *
SYA01.CSEArchitecture.properties:# Properties for Reporting Health Monitor 
SYA01.CSEArchitecture.properties:reporting.healthmonitor.minutes.for.warning=120
SYA01.CSEArchitecture.properties:reporting.healthmonitor.minutes.for.failure=360
SYA01.CSEArchitecture.properties:# Self Service Health Check Dummy Participant properties
SYA01.CSEArchitecture.properties:SS.Health.Check.PartId=1009638527410
SYA01.CSEArchitecture.properties:SS.Health.Check.CMID=A1001001A14E06A90916F51338
ankcsesyaa03[/usr/WebSphere/AppServer_85/profiles/DeploymentManager/config/cseProperties]$ 
Shell will time out in 60 seconds.
ksh: Timed out waiting for input.
