=~=~=~=~=~=~=~=~=~=~=~= PuTTY log 2019.10.10 13:35:14 =~=~=~=~=~=~=~=~=~=~=~=
Using username "ipmcomm".
Last unsuccessful login: Thu Oct  3 09:24:14 PDT 2019 on ssh from 169.2.108.102
Last login: Thu Oct 10 13:08:59 PDT 2019 on ssh from 169.2.108.102
*******************************************************************************
*                                                                             *
*                                                                             *
*  Welcome to AIX Version 7.1!                                                *
*                                                                             *
*                                                                             *
*  Please see the README file in /usr/lpp/bos for information pertinent to    *
*  this release of the AIX Operating System.                                  *
*                                                                             *
*                                                                             *
*******************************************************************************
[YOU HAVE NEW MAIL]
ankcseprda06[/ipm/south] 
Shell will time out in 60 seconds.

ankcseprda06[/ipm/south] 
ankcseprda06[/ipm/south] 
Shell will time out in 60 seconds.
ksh[2]: Timed out waiting for input.
