=~=~=~=~=~=~=~=~=~=~=~= PuTTY log 2019.11.19 12:12:33 =~=~=~=~=~=~=~=~=~=~=~=
Using username "hchada".
[compat]: 3004-332 Your password has expired.
Last unsuccessful login: Wed Aug 28 13:30:18 PDT 2019 on ssh
Last login: Mon Oct  7 13:39:46 PDT 2019 on ssh from 169.2.108.102
*******************************************************************************
*                                                                             *
*                                                                             *
*  Welcome to AIX Version 7.1!                                                *
*                                                                             *
*                                                                             *
*  Please see the README file in /usr/lpp/bos for information pertinent to    *
*  this release of the AIX Operating System.                                  *
*                                                                             *
*                                                                             *
*******************************************************************************
WARNING: Your password has expired.
You must change your password now and login again!
Changing password for "hchada"
hchada's Old password: 
3004-604 Your entry does not match the old password.
