=~=~=~=~=~=~=~=~=~=~=~= PuTTY log 2019.10.03 09:24:53 =~=~=~=~=~=~=~=~=~=~=~=
Using username "ipmcomm".
Last unsuccessful login: Tue Oct  1 13:28:07 PDT 2019 on ssh from 169.2.108.102
Last login: Wed Oct  2 16:01:38 PDT 2019 on ssh from 169.2.108.102
*******************************************************************************
*                                                                             *
*                                                                             *
*  Welcome to AIX Version 7.1!                                                *
*                                                                             *
*                                                                             *
*  Please see the README file in /usr/lpp/bos for information pertinent to    *
*  this release of the AIX Operating System.                                  *
*                                                                             *
*                                                                             *
*******************************************************************************
[YOU HAVE NEW MAIL]
ankcseprda18[/ipm/south] /usr/lpp/pd/bin/ipguiadvadm
[1] + Stopped (SIGTSTP)        /usr/lpp/pd/bin/ipguiadvadm
ankcseprda18[/ipm/south] fg
/usr/lpp/pd/bin/ipguiadvadm
ankcseprda18[/ipm/south] 
Shell will time out in 60 seconds.

ankcseprda18[/ipm/south] exit
