=~=~=~=~=~=~=~=~=~=~=~= PuTTY log 2019.11.17 07:00:18 =~=~=~=~=~=~=~=~=~=~=~=
Using username "hchada".
[compat]: 3004-610 You are required to change your password.
        Please choose a new one.
1 unsuccessful login attempt since last login.
Last unsuccessful login: Sun Nov 17 06:57:35 PST 2019 on ssh from 169.2.108.102
Last login: Sun Nov 17 06:51:52 PST 2019 on ssh from 169.2.108.102
*******************************************************************************
*                                                                             *
*                                                                             *
*  Welcome to AIX Version 7.1!                                                *
*                                                                             *
*                                                                             *
*  Please see the README file in /usr/lpp/bos for information pertinent to    *
*  this release of the AIX Operating System.                                  *
*                                                                             *
*                                                                             *
*******************************************************************************
WARNING: Your password has expired.
You must change your password now and login again!
Changing password for "hchada"
hchada's Old password: 
3004-604 Your entry does not match the old password.
