=~=~=~=~=~=~=~=~=~=~=~= PuTTY log 2019.10.22 11:24:12 =~=~=~=~=~=~=~=~=~=~=~=
Using username "ipmcomm".
Last unsuccessful login: Mon Oct 14 09:15:20 PDT 2019 on ssh from 169.2.108.102
Last login: Tue Oct 22 11:23:29 PDT 2019 on ssh from 169.2.108.102
*******************************************************************************
*                                                                             *
*                                                                             *
*  Welcome to AIX Version 7.1!                                                *
*                                                                             *
*                                                                             *
*  Please see the README file in /usr/lpp/bos for information pertinent to    *
*  this release of the AIX Operating System.                                  *
*                                                                             *
*                                                                             *
*******************************************************************************
[YOU HAVE NEW MAIL]
ankcseprda18[/ipm/south] clar
ksh: clar:  not found.
ankcseprda18[/ipm/south] clear
[H[2Jankcseprda18[/ipm/south] /usr/lpp/pd/bin/ipguiadvadm &
[1]     16056428
ankcseprda18[/ipm/south] 
Shell will time out in 60 seconds.
ksh: Timed out waiting for input.
There are running jobs.
